#
# There is insufficient memory for the Java Runtime Environment to continue.
# Native memory allocation (malloc) failed to allocate 32744 bytes for ChunkPool::allocate
# Possible reasons:
#   The system is out of physical RAM or swap space
#   In 32 bit mode, the process size limit was hit
# Possible solutions:
#   Reduce memory load on the system
#   Increase physical memory or swap space
#   Check if swap backing store is full
#   Use 64 bit Java on a 64 bit OS
#   Decrease Java heap size (-Xmx/-Xms)
#   Decrease number of Java threads
#   Decrease Java thread stack sizes (-Xss)
#   Set larger code cache with -XX:ReservedCodeCacheSize=
# This output file may be truncated or incomplete.
#
#  Out of Memory Error (allocation.cpp:273), pid=9404, tid=0x0000000000002c0c
#
# JRE version: Java(TM) SE Runtime Environment (8.0_102-b14) (build 1.8.0_102-b14)
# Java VM: Java HotSpot(TM) 64-Bit Server VM (25.102-b14 mixed mode windows-amd64 compressed oops)
# Failed to write core dump. Minidumps are not enabled by default on client versions of Windows
#

---------------  T H R E A D  ---------------

Current thread (0x0000000056815000):  JavaThread "C2 CompilerThread1" daemon [_thread_in_native, id=11276, stack(0x0000000056d40000,0x0000000056e40000)]

Stack: [0x0000000056d40000,0x0000000056e40000]
[error occurred during error reporting (printing stack bounds), id 0xc0000005]

Native frames: (J=compiled Java code, j=interpreted, Vv=VM code, C=native code)


Current CompileTask:
C2:5669958 1875       4       java.util.HashMap::resize (359 bytes)


---------------  P R O C E S S  ---------------

Java Threads: ( => current thread )
  0x0000000056adf800 JavaThread "TimerQueue" daemon [_thread_blocked, id=11368, stack(0x0000000059580000,0x0000000059680000)]
  0x000000000209e000 JavaThread "DestroyJavaVM" [_thread_blocked, id=3172, stack(0x00000000022e0000,0x00000000023e0000)]
  0x0000000057c66000 JavaThread "AWT-EventQueue-0" [_thread_blocked, id=11304, stack(0x0000000058520000,0x0000000058620000)]
  0x0000000056be5000 JavaThread "AWT-Windows" daemon [_thread_in_vm, id=11300, stack(0x00000000574f0000,0x00000000575f0000)]
  0x0000000056be3800 JavaThread "AWT-Shutdown" [_thread_blocked, id=11296, stack(0x00000000573c0000,0x00000000574c0000)]
  0x0000000056bda000 JavaThread "Java2D Disposer" daemon [_thread_blocked, id=11292, stack(0x0000000057220000,0x0000000057320000)]
  0x0000000056880800 JavaThread "Service Thread" daemon [_thread_blocked, id=11284, stack(0x00000000570c0000,0x00000000571c0000)]
  0x0000000056816000 JavaThread "C1 CompilerThread2" daemon [_thread_blocked, id=11280, stack(0x0000000056e80000,0x0000000056f80000)]
=>0x0000000056815000 JavaThread "C2 CompilerThread1" daemon [_thread_in_native, id=11276, stack(0x0000000056d40000,0x0000000056e40000)]
  0x000000005509b800 JavaThread "C2 CompilerThread0" daemon [_thread_in_native, id=11272, stack(0x0000000056710000,0x0000000056810000)]
  0x0000000055099800 JavaThread "Attach Listener" daemon [_thread_blocked, id=11268, stack(0x0000000056350000,0x0000000056450000)]
  0x0000000055096000 JavaThread "Signal Dispatcher" daemon [_thread_blocked, id=10168, stack(0x0000000056500000,0x0000000056600000)]
  0x0000000055073000 JavaThread "Finalizer" daemon [_thread_blocked, id=11060, stack(0x0000000056240000,0x0000000056340000)]
  0x0000000055031800 JavaThread "Reference Handler" daemon [_thread_blocked, id=10912, stack(0x00000000560f0000,0x00000000561f0000)]

Other Threads:
  0x0000000055029800 VMThread [stack: 0x0000000055eb0000,0x0000000055fb0000] [id=10636]
  0x00000000568aa800 WatcherThread [stack: 0x0000000056600000,0x0000000056700000] [id=11288]

VM state:not at safepoint (normal execution)

VM Mutex/Monitor currently owned by a thread: None

Heap:
 PSYoungGen      total 18944K, used 14113K [0x00000000eb180000, 0x00000000ec680000, 0x0000000100000000)
  eden space 16384K, 70% used [0x00000000eb180000,0x00000000ebccbaf0,0x00000000ec180000)
  from space 2560K, 99% used [0x00000000ec180000,0x00000000ec3fc9a0,0x00000000ec400000)
  to   space 2560K, 0% used [0x00000000ec400000,0x00000000ec400000,0x00000000ec680000)
 ParOldGen       total 44032K, used 2453K [0x00000000c1400000, 0x00000000c3f00000, 0x00000000eb180000)
  object space 44032K, 5% used [0x00000000c1400000,0x00000000c16655a0,0x00000000c3f00000)
 Metaspace       used 14808K, capacity 15022K, committed 15104K, reserved 1062912K
  class space    used 1912K, capacity 1995K, committed 2048K, reserved 1048576K

Card table byte_map: [0x0000000011a70000,0x0000000011c70000] byte_map_base: 0x0000000011466000

Marking Bits: (ParMarkBitMap*) 0x000000005d35a6c0
 Begin Bits: [0x0000000012540000, 0x00000000134f0000)
 End Bits:   [0x00000000134f0000, 0x00000000144a0000)

Polling page: 0x0000000000220000

CodeCache: size=245760Kb used=6336Kb max_used=6336Kb free=239423Kb
 bounds [0x00000000026b0000, 0x0000000002cf0000, 0x00000000116b0000]
 total_blobs=2387 nmethods=1873 adapters=426
 compilation: enabled

Compilation events (10 events):
Event: 23.868 Thread 0x0000000056816000 1870   !   3       java.awt.DefaultKeyboardFocusManager::dispatchEvent (1589 bytes)
Event: 23.875 Thread 0x000000005509b800 1871       4       java.util.concurrent.locks.ReentrantLock::lock (8 bytes)
Event: 23.875 Thread 0x0000000056815000 1873       4       java.util.concurrent.locks.ReentrantLock::unlock (10 bytes)
Event: 23.881 Thread 0x000000005509b800 nmethod 1871 0x0000000002cc4b50 code [0x0000000002cc4cc0, 0x0000000002cc4e48]
Event: 23.881 Thread 0x000000005509b800 1872       4       java.util.concurrent.locks.ReentrantLock$NonfairSync::lock (25 bytes)
Event: 23.886 Thread 0x000000005509b800 nmethod 1872 0x0000000002cc4710 code [0x0000000002cc4880, 0x0000000002cc49e8]
Event: 23.887 Thread 0x0000000056815000 nmethod 1873 0x0000000002cc4290 code [0x0000000002cc43e0, 0x0000000002cc4568]
Event: 23.903 Thread 0x0000000056816000 nmethod 1870 0x0000000002cc8810 code [0x0000000002cc9f60, 0x0000000002cdd468]
Event: 5650.184 Thread 0x000000005509b800 1874       4       java.util.HashMap::put (13 bytes)
Event: 5652.190 Thread 0x0000000056815000 1875       4       java.util.HashMap::resize (359 bytes)

GC Heap History (2 events):
Event: 22.533 GC heap before
{Heap before GC invocations=1 (full 0):
 PSYoungGen      total 18944K, used 16384K [0x00000000eb180000, 0x00000000ec680000, 0x0000000100000000)
  eden space 16384K, 100% used [0x00000000eb180000,0x00000000ec180000,0x00000000ec180000)
  from space 2560K, 0% used [0x00000000ec400000,0x00000000ec400000,0x00000000ec680000)
  to   space 2560K, 0% used [0x00000000ec180000,0x00000000ec180000,0x00000000ec400000)
 ParOldGen       total 44032K, used 0K [0x00000000c1400000, 0x00000000c3f00000, 0x00000000eb180000)
  object space 44032K, 0% used [0x00000000c1400000,0x00000000c1400000,0x00000000c3f00000)
 Metaspace       used 13450K, capacity 13634K, committed 13952K, reserved 1060864K
  class space    used 1748K, capacity 1831K, committed 1920K, reserved 1048576K
Event: 22.547 GC heap after
Heap after GC invocations=1 (full 0):
 PSYoungGen      total 18944K, used 2546K [0x00000000eb180000, 0x00000000ec680000, 0x0000000100000000)
  eden space 16384K, 0% used [0x00000000eb180000,0x00000000eb180000,0x00000000ec180000)
  from space 2560K, 99% used [0x00000000ec180000,0x00000000ec3fc9a0,0x00000000ec400000)
  to   space 2560K, 0% used [0x00000000ec400000,0x00000000ec400000,0x00000000ec680000)
 ParOldGen       total 44032K, used 2453K [0x00000000c1400000, 0x00000000c3f00000, 0x00000000eb180000)
  object space 44032K, 5% used [0x00000000c1400000,0x00000000c16655a0,0x00000000c3f00000)
 Metaspace       used 13450K, capacity 13634K, committed 13952K, reserved 1060864K
  class space    used 1748K, capacity 1831K, committed 1920K, reserved 1048576K
}

Deoptimization events (10 events):
Event: 0.633 Thread 0x0000000057e43800 Uncommon trap: reason=unstable_if action=reinterpret pc=0x0000000002894f68 method=java.lang.String.<init>([CII)V @ 18
Event: 0.651 Thread 0x0000000056be5000 Uncommon trap: reason=unstable_if action=reinterpret pc=0x00000000028929b8 method=java.util.HashMap.putVal(ILjava/lang/Object;Ljava/lang/Object;ZZ)Ljava/lang/Object; @ 206
Event: 0.677 Thread 0x0000000057c66000 Uncommon trap: reason=unstable_if action=reinterpret pc=0x00000000028d1c0c method=java.util.HashMap.putVal(ILjava/lang/Object;Ljava/lang/Object;ZZ)Ljava/lang/Object; @ 109
Event: 1.243 Thread 0x0000000057c66000 Uncommon trap: reason=unstable_if action=reinterpret pc=0x0000000002967f94 method=sun.font.TrueTypeFont.getDirectoryEntry(I)Lsun/font/TrueTypeFont$DirectoryEntry; @ 7
Event: 1.262 Thread 0x0000000057c66000 Uncommon trap: reason=predicate action=maybe_recompile pc=0x000000000292ab98 method=java.util.ArrayList.indexOf(Ljava/lang/Object;)I @ 44
Event: 1.360 Thread 0x0000000057c66000 Uncommon trap: reason=unstable_if action=reinterpret pc=0x00000000029b4cc8 method=java.awt.MultipleGradientPaintContext.indexIntoGradientsArrays(F)I @ 13
Event: 11.482 Thread 0x0000000057c66000 Uncommon trap: reason=class_check action=maybe_recompile pc=0x000000000281d8cc method=java.lang.String.equals(Ljava/lang/Object;)Z @ 8
Event: 11.483 Thread 0x0000000057c66000 Uncommon trap: reason=class_check action=maybe_recompile pc=0x000000000281d8cc method=java.lang.String.equals(Ljava/lang/Object;)Z @ 8
Event: 16.965 Thread 0x0000000057c66000 Uncommon trap: reason=class_check action=maybe_recompile pc=0x000000000281d8cc method=java.lang.String.equals(Ljava/lang/Object;)Z @ 8
Event: 16.965 Thread 0x0000000057c66000 Uncommon trap: reason=class_check action=maybe_recompile pc=0x000000000281d8cc method=java.lang.String.equals(Ljava/lang/Object;)Z @ 8

Internal exceptions (10 events):
Event: 0.419 Thread 0x000000000209e000 Exception <a 'java/lang/ClassNotFoundException': ToolBar> (0x00000000eb4e1540) thrown at [C:\re\workspace\8-2-build-windows-amd64-cygwin\jdk8u102\7268\hotspot\src\share\vm\classfile\systemDictionary.cpp, line 210]
Event: 0.419 Thread 0x000000000209e000 Exception <a 'java/lang/ClassNotFoundException': ToggleButton> (0x00000000eb4e1af0) thrown at [C:\re\workspace\8-2-build-windows-amd64-cygwin\jdk8u102\7268\hotspot\src\share\vm\classfile\systemDictionary.cpp, line 210]
Event: 0.419 Thread 0x000000000209e000 Exception <a 'java/lang/ClassNotFoundException': javax/swing/JToolBarSeparator> (0x00000000eb4e1f50) thrown at [C:\re\workspace\8-2-build-windows-amd64-cygwin\jdk8u102\7268\hotspot\src\share\vm\classfile\systemDictionary.cpp, line 210]
Event: 0.419 Thread 0x000000000209e000 Exception <a 'java/lang/ClassNotFoundException': ToolBarSeparator> (0x00000000eb4e23e8) thrown at [C:\re\workspace\8-2-build-windows-amd64-cygwin\jdk8u102\7268\hotspot\src\share\vm\classfile\systemDictionary.cpp, line 210]
Event: 0.419 Thread 0x000000000209e000 Exception <a 'java/lang/ClassNotFoundException': ToolTip> (0x00000000eb4e2b28) thrown at [C:\re\workspace\8-2-build-windows-amd64-cygwin\jdk8u102\7268\hotspot\src\share\vm\classfile\systemDictionary.cpp, line 210]
Event: 0.421 Thread 0x000000000209e000 Exception <a 'java/lang/ClassNotFoundException': Tree> (0x00000000eb4e3748) thrown at [C:\re\workspace\8-2-build-windows-amd64-cygwin\jdk8u102\7268\hotspot\src\share\vm\classfile\systemDictionary.cpp, line 210]
Event: 0.421 Thread 0x000000000209e000 Exception <a 'java/lang/ClassNotFoundException': Tree> (0x00000000eb4e3e88) thrown at [C:\re\workspace\8-2-build-windows-amd64-cygwin\jdk8u102\7268\hotspot\src\share\vm\classfile\systemDictionary.cpp, line 210]
Event: 0.421 Thread 0x000000000209e000 Exception <a 'java/lang/ClassNotFoundException': javax/swing/JTreeCell> (0x00000000eb4e4208) thrown at [C:\re\workspace\8-2-build-windows-amd64-cygwin\jdk8u102\7268\hotspot\src\share\vm\classfile\systemDictionary.cpp, line 210]
Event: 0.421 Thread 0x000000000209e000 Exception <a 'java/lang/ClassNotFoundException': TreeCell> (0x00000000eb4e4690) thrown at [C:\re\workspace\8-2-build-windows-amd64-cygwin\jdk8u102\7268\hotspot\src\share\vm\classfile\systemDictionary.cpp, line 210]
Event: 0.422 Thread 0x000000000209e000 Exception <a 'java/lang/ClassNotFoundException': RootPane> (0x00000000eb4e50f0) thrown at [C:\re\workspace\8-2-build-windows-amd64-cygwin\jdk8u102\7268\hotspot\src\share\vm\classfile\systemDictionary.cpp, line 210]

Events (10 events):
Event: 22.890 loading class javax/swing/KeyboardManager$ComponentKeyStrokePair done
Event: 23.037 loading class java/awt/KeyboardFocusManager$2
Event: 23.037 loading class java/awt/KeyboardFocusManager$2 done
Event: 23.103 loading class java/awt/LightweightDispatcher$2
Event: 23.104 loading class java/awt/LightweightDispatcher$2 done
Event: 24.723 loading class sun/awt/SunToolkit$1
Event: 24.723 loading class sun/awt/SunToolkit$1 done
Event: 27.883 Executing VM operation: RevokeBias
Event: 27.883 Executing VM operation: RevokeBias done
Event: 27.883 Thread 0x00000000569fa000 Thread exited: 0x00000000569fa000


Dynamic libraries:
0x000000013fbd0000 - 0x000000013fc07000 	C:\Program Files\Java\jre1.8.0_102\bin\javaw.exe
0x0000000077a30000 - 0x0000000077bdb000 	C:\Windows\SYSTEM32\ntdll.dll
0x0000000077810000 - 0x000000007792f000 	C:\Windows\system32\kernel32.dll
0x000007fefda40000 - 0x000007fefdaab000 	C:\Windows\system32\KERNELBASE.dll
0x000007feff3c0000 - 0x000007feff49b000 	C:\Windows\system32\ADVAPI32.dll
0x000007feff150000 - 0x000007feff1ef000 	C:\Windows\system32\msvcrt.dll
0x000007feff320000 - 0x000007feff33f000 	C:\Windows\SYSTEM32\sechost.dll
0x000007feffa00000 - 0x000007feffb2e000 	C:\Windows\system32\RPCRT4.dll
0x0000000077930000 - 0x0000000077a2a000 	C:\Windows\system32\USER32.dll
0x000007feff6b0000 - 0x000007feff717000 	C:\Windows\system32\GDI32.dll
0x000007feff140000 - 0x000007feff14e000 	C:\Windows\system32\LPK.dll
0x000007feff720000 - 0x000007feff7ea000 	C:\Windows\system32\USP10.dll
0x000007fefc070000 - 0x000007fefc264000 	C:\Windows\WinSxS\amd64_microsoft.windows.common-controls_6595b64144ccf1df_6.0.7600.16385_none_fa645303170382f6\COMCTL32.dll
0x000007fefe200000 - 0x000007fefe271000 	C:\Windows\system32\SHLWAPI.dll
0x000007feffb30000 - 0x000007feffb5e000 	C:\Windows\system32\IMM32.DLL
0x000007feff4b0000 - 0x000007feff5b9000 	C:\Windows\system32\MSCTF.dll
0x000000006c2e0000 - 0x000000006c3b1000 	C:\Program Files\Java\jre1.8.0_102\bin\msvcr100.dll
0x000000005cb40000 - 0x000000005d3da000 	C:\Program Files\Java\jre1.8.0_102\bin\server\jvm.dll
0x000007fef57e0000 - 0x000007fef57e9000 	C:\Windows\system32\WSOCK32.dll
0x000007fefe280000 - 0x000007fefe2cd000 	C:\Windows\system32\WS2_32.dll
0x000007feff4a0000 - 0x000007feff4a8000 	C:\Windows\system32\NSI.dll
0x000007fefb830000 - 0x000007fefb86b000 	C:\Windows\system32\WINMM.dll
0x000007fefcb00000 - 0x000007fefcb0c000 	C:\Windows\system32\VERSION.dll
0x0000000077bf0000 - 0x0000000077bf7000 	C:\Windows\system32\PSAPI.DLL
0x0000000074d10000 - 0x0000000074d1f000 	C:\Program Files\Java\jre1.8.0_102\bin\verify.dll
0x0000000074ce0000 - 0x0000000074d09000 	C:\Program Files\Java\jre1.8.0_102\bin\java.dll
0x0000000074cc0000 - 0x0000000074cd6000 	C:\Program Files\Java\jre1.8.0_102\bin\zip.dll
0x000007fefe3b0000 - 0x000007feff136000 	C:\Windows\system32\SHELL32.dll
0x000007feff7f0000 - 0x000007feff9f1000 	C:\Windows\system32\ole32.dll
0x000007fefd990000 - 0x000007fefd99f000 	C:\Windows\system32\profapi.dll
0x000000005ff80000 - 0x0000000060118000 	C:\Program Files\Java\jre1.8.0_102\bin\awt.dll
0x000007fefe2d0000 - 0x000007fefe3a7000 	C:\Windows\system32\OLEAUT32.dll
0x000007fefbbe0000 - 0x000007fefbc36000 	C:\Windows\system32\uxtheme.dll
0x000007fefb730000 - 0x000007fefb748000 	C:\Windows\system32\dwmapi.dll
0x000007fefd8c0000 - 0x000007fefd8cf000 	C:\Windows\system32\CRYPTBASE.dll
0x000000006c770000 - 0x000000006c7b7000 	C:\Program Files\Java\jre1.8.0_102\bin\fontmanager.dll
0x000007fefe160000 - 0x000007fefe1f9000 	C:\Windows\system32\CLBCatQ.DLL
0x000007fefb430000 - 0x000007fefb55a000 	C:\Windows\system32\WindowsCodecs.dll
0x000007fefd860000 - 0x000007fefd8b7000 	C:\Windows\system32\apphelp.dll
0x000007feef4f0000 - 0x000007feef72b000 	C:\PROGRA~1\MICROS~3\Office15\GROOVEEX.DLL
0x00000000719a0000 - 0x0000000071a38000 	C:\Windows\system32\MSVCP100.dll
0x00000000715d0000 - 0x00000000715fb000 	C:\Windows\system32\ATL100.DLL
0x000007feedef0000 - 0x000007feee206000 	C:\Windows\system32\msi.dll
0x000007feebd40000 - 0x000007feec383000 	C:\PROGRA~1\MICROS~3\Office15\3082\GrooveIntlResource.dll
0x0000000071a60000 - 0x0000000071b5c000 	C:\Program Files\AVAST Software\Avast\ashShA64.dll
0x000007fefb9c0000 - 0x000007fefbbd5000 	C:\Windows\WinSxS\amd64_microsoft.windows.gdiplus_6595b64144ccf1df_1.1.7600.16385_none_2b4f45e87195fcc4\gdiplus.dll
0x000007fefc030000 - 0x000007fefc041000 	C:\Windows\system32\WTSAPI32.dll
0x000007fefdb50000 - 0x000007fefdcb6000 	C:\Windows\system32\CRYPT32.dll
0x000007fefda30000 - 0x000007fefda3f000 	C:\Windows\system32\MSASN1.dll
0x000007feebd00000 - 0x000007feebd35000 	C:\Windows\system32\EhStorShell.dll
0x000007feffb60000 - 0x000007feffd37000 	C:\Windows\system32\SETUPAPI.dll
0x000007fefdd20000 - 0x000007fefdd56000 	C:\Windows\system32\CFGMGR32.dll
0x000007fefdd00000 - 0x000007fefdd1a000 	C:\Windows\system32\DEVOBJ.dll
0x000007fefc6d0000 - 0x000007fefc7fc000 	C:\Windows\system32\PROPSYS.dll
0x000007feebc80000 - 0x000007feebcfe000 	C:\Windows\System32\cscui.dll
0x000007feefce0000 - 0x000007feefcec000 	C:\Windows\System32\CSCDLL.dll
0x000007feefcf0000 - 0x000007feefcff000 	C:\Windows\system32\CSCAPI.dll
0x000007feebc00000 - 0x000007feebc80000 	C:\Windows\system32\ntshrui.dll
0x000007fefd5d0000 - 0x000007fefd5f3000 	C:\Windows\system32\srvcli.dll
0x000007fefc440000 - 0x000007fefc44b000 	C:\Windows\system32\slc.dll
0x0000000074ca0000 - 0x0000000074cba000 	C:\Program Files\Java\jre1.8.0_102\bin\net.dll
0x000007fefd200000 - 0x000007fefd254000 	C:\Windows\system32\mswsock.dll
0x000007fefd1f0000 - 0x000007fefd1f7000 	C:\Windows\System32\wship6.dll
0x0000000074c80000 - 0x0000000074c91000 	C:\Program Files\Java\jre1.8.0_102\bin\nio.dll
0x00000000740b0000 - 0x00000000740f2000 	C:\Program Files\Java\jre1.8.0_102\bin\t2k.dll
0x000000006c5b0000 - 0x000000006c5da000 	C:\Program Files\Java\jre1.8.0_102\bin\dcpr.dll

VM Arguments:
jvm_args: -Dfile.encoding=Cp1252 
java_command: co.edu.eam.ingesoft.desarrollo.SDIDE.vista.gui.Login
java_class_path (initial): D:\Estudio Sergio\Desarrollo Software\proyectos\ProyectoFinal\SistemaDeInformacionDeEgresados\SistemaDeInformacionDeEgresados-gui\target\classes;C:\Users\XgioserX\.m2\repository\unknown\binary\jcalendar-1.3.3\SNAPSHOT\jcalendar-1.3.3-SNAPSHOT.jar;C:\Users\XgioserX\.m2\repository\org\jdesktop\beansbinding\1.2.1\beansbinding-1.2.1.jar
Launcher Type: SUN_STANDARD

Environment Variables:
JAVA_HOME=C:\Program Files\Java\jdk1.8.0_102
PATH=C:/Program Files/Java/jre1.8.0_102/bin/server;C:/Program Files/Java/jre1.8.0_102/bin;C:/Program Files/Java/jre1.8.0_102/lib/amd64;C:\ProgramData\Oracle\Java\javapath;C:\Windows\system32;C:\Windows;C:\Windows\System32\Wbem;C:\Windows\System32\WindowsPowerShell\v1.0\;C:\Program Files\Intel\WiFi\bin\;C:\Program Files\Common Files\Intel\WirelessCommon\;C:\Program Files (x86)\Skype\Phone\;C:\Program Files\Intel\WiFi\bin\;C:\Program Files\Common Files\Intel\WirelessCommon\;D:\Estudio Sergio\Desarrollo Software\Instaladores\eclipse;
USERNAME=XgioserX
OS=Windows_NT
PROCESSOR_IDENTIFIER=Intel64 Family 6 Model 69 Stepping 1, GenuineIntel



---------------  S Y S T E M  ---------------

OS: Windows 7 , 64 bit Build 7600 (6.1.7600.16385)

CPU:total 4 (2 cores per cpu, 2 threads per core) family 6 model 69 stepping 1, cmov, cx8, fxsr, mmx, sse, sse2, sse3, ssse3, sse4.1, sse4.2, popcnt, aes, clmul, erms, lzcnt, ht, tsc, tscinvbit, bmi1, bmi2

Memory: 4k page, physical 4108956k(145296k free), swap 16433928k(2072k free)

vm_info: Java HotSpot(TM) 64-Bit Server VM (25.102-b14) for windows-amd64 JRE (1.8.0_102-b14), built on Jun 22 2016 13:15:21 by "java_re" with MS VC++ 10.0 (VS2010)

time: Thu Oct 20 15:35:37 2016
elapsed time: 5676 seconds (0d 1h 34m 36s)

