#
# There is insufficient memory for the Java Runtime Environment to continue.
# Native memory allocation (malloc) failed to allocate 3320 bytes for AllocateHeap
# Possible reasons:
#   The system is out of physical RAM or swap space
#   In 32 bit mode, the process size limit was hit
# Possible solutions:
#   Reduce memory load on the system
#   Increase physical memory or swap space
#   Check if swap backing store is full
#   Use 64 bit Java on a 64 bit OS
#   Decrease Java heap size (-Xmx/-Xms)
#   Decrease number of Java threads
#   Decrease Java thread stack sizes (-Xss)
#   Set larger code cache with -XX:ReservedCodeCacheSize=
# This output file may be truncated or incomplete.
#
#  Out of Memory Error (memory/allocation.inline.hpp:61), pid=11640, tid=0x0000000000002920
#
# JRE version: Java(TM) SE Runtime Environment (8.0_102-b14) (build 1.8.0_102-b14)
# Java VM: Java HotSpot(TM) 64-Bit Server VM (25.102-b14 mixed mode windows-amd64 compressed oops)
# Failed to write core dump. Minidumps are not enabled by default on client versions of Windows
#

---------------  T H R E A D  ---------------

Current thread (0x00000000565da000):  JavaThread "C1 CompilerThread2" daemon [_thread_in_vm, id=10528, stack(0x0000000056e80000,0x0000000056f80000)]

Stack: [0x0000000056e80000,0x0000000056f80000]
[error occurred during error reporting (printing stack bounds), id 0xc0000005]

Native frames: (J=compiled Java code, j=interpreted, Vv=VM code, C=native code)


Current CompileTask:
C1:4541103 2280       3       java.awt.Color::testColorValueRange (186 bytes)


---------------  P R O C E S S  ---------------

Java Threads: ( => current thread )
  0x0000000057942800 JavaThread "TimerQueue" daemon [_thread_blocked, id=11780, stack(0x0000000059480000,0x0000000059580000)]
  0x000000000226e000 JavaThread "DestroyJavaVM" [_thread_blocked, id=5012, stack(0x00000000020d0000,0x00000000021d0000)]
  0x0000000057887000 JavaThread "AWT-EventQueue-0" [_thread_blocked, id=11168, stack(0x0000000057610000,0x0000000057710000)]
  0x00000000569ce000 JavaThread "AWT-Windows" daemon [_thread_blocked, id=5504, stack(0x00000000574c0000,0x00000000575c0000)]
  0x00000000569cb000 JavaThread "AWT-Shutdown" [_thread_blocked, id=2168, stack(0x0000000057160000,0x0000000057260000)]
  0x00000000569ca000 JavaThread "Java2D Disposer" daemon [_thread_blocked, id=11844, stack(0x0000000057280000,0x0000000057380000)]
  0x0000000056647000 JavaThread "Service Thread" daemon [_thread_blocked, id=2440, stack(0x0000000057050000,0x0000000057150000)]
=>0x00000000565da000 JavaThread "C1 CompilerThread2" daemon [_thread_in_vm, id=10528, stack(0x0000000056e80000,0x0000000056f80000)]
  0x00000000565d4800 JavaThread "C2 CompilerThread1" daemon [_thread_blocked, id=2184, stack(0x0000000056d80000,0x0000000056e80000)]
  0x0000000054fdf800 JavaThread "C2 CompilerThread0" daemon [_thread_blocked, id=11676, stack(0x0000000056ad0000,0x0000000056bd0000)]
  0x0000000054fd9000 JavaThread "Attach Listener" daemon [_thread_blocked, id=7256, stack(0x00000000561c0000,0x00000000562c0000)]
  0x0000000054fd6000 JavaThread "Signal Dispatcher" daemon [_thread_blocked, id=11848, stack(0x00000000564d0000,0x00000000565d0000)]
  0x0000000054fb9000 JavaThread "Finalizer" daemon [_thread_blocked, id=11932, stack(0x00000000562d0000,0x00000000563d0000)]
  0x0000000054f71800 JavaThread "Reference Handler" daemon [_thread_blocked, id=11904, stack(0x0000000056070000,0x0000000056170000)]

Other Threads:
  0x0000000054f69800 VMThread [stack: 0x0000000055e30000,0x0000000055f30000] [id=12080]
  0x000000005664d000 WatcherThread [stack: 0x0000000056c10000,0x0000000056d10000] [id=11180]

VM state:synchronizing (normal execution)

VM Mutex/Monitor currently owned by a thread:  ([mutex/lock_event])
[0x000000000226b4b0] CodeCache_lock - owner thread: 0x00000000565da000
[0x000000000226c160] Threads_lock - owner thread: 0x0000000054f69800
[0x000000000226cb60] Compile_lock - owner thread: 0x00000000565da000
[0x000000000226cc60] MethodCompileQueue_lock - owner thread: 0x00000000565da000

Heap:
 PSYoungGen      total 18944K, used 7853K [0x00000000eb180000, 0x00000000ec680000, 0x0000000100000000)
  eden space 16384K, 32% used [0x00000000eb180000,0x00000000eb6af498,0x00000000ec180000)
  from space 2560K, 99% used [0x00000000ec400000,0x00000000ec67c1e8,0x00000000ec680000)
  to   space 2560K, 0% used [0x00000000ec180000,0x00000000ec180000,0x00000000ec400000)
 ParOldGen       total 44032K, used 4933K [0x00000000c1400000, 0x00000000c3f00000, 0x00000000eb180000)
  object space 44032K, 11% used [0x00000000c1400000,0x00000000c18d1538,0x00000000c3f00000)
 Metaspace       used 16206K, capacity 16458K, committed 16512K, reserved 1062912K
  class space    used 2073K, capacity 2155K, committed 2176K, reserved 1048576K

Card table byte_map: [0x0000000011b50000,0x0000000011d50000] byte_map_base: 0x0000000011546000

Marking Bits: (ParMarkBitMap*) 0x000000005d35a6c0
 Begin Bits: [0x0000000012480000, 0x0000000013430000)
 End Bits:   [0x0000000013430000, 0x00000000143e0000)

Polling page: 0x0000000000220000

CodeCache: size=245760Kb used=7428Kb max_used=7428Kb free=238331Kb
 bounds [0x0000000002790000, 0x0000000002ee0000, 0x0000000011790000]
 total_blobs=2787 nmethods=2270 adapters=427
 compilation: enabled

Compilation events (10 events):
Event: 18.662 Thread 0x00000000565da000 nmethod 2275 0x0000000002ecbc90 code [0x0000000002ecbde0, 0x0000000002ecbef0]
Event: 18.662 Thread 0x00000000565da000 2276       1       sun.awt.image.IntegerInterleavedRaster::getScanlineStride (5 bytes)
Event: 18.662 Thread 0x00000000565da000 nmethod 2276 0x0000000002ecb9d0 code [0x0000000002ecbb20, 0x0000000002ecbc30]
Event: 18.663 Thread 0x00000000565da000 2277       3       java.awt.MultipleGradientPaintContext::calculateLookupData (318 bytes)
Event: 18.665 Thread 0x00000000565da000 nmethod 2277 0x0000000002ece8d0 code [0x0000000002eceb40, 0x0000000002ecf908]
Event: 18.716 Thread 0x00000000565da000 2278       3       javax.swing.JTabbedPane::getTabCount (10 bytes)
Event: 18.717 Thread 0x00000000565da000 nmethod 2278 0x0000000002ece490 code [0x0000000002ece600, 0x0000000002ece828]
Event: 18.757 Thread 0x00000000565da000 2279   !   3       java.awt.KeyboardFocusManager::processCurrentLightweightRequests (345 bytes)
Event: 18.763 Thread 0x00000000565da000 nmethod 2279 0x0000000002ecffd0 code [0x0000000002ed0400, 0x0000000002ed2bd8]
Event: 4519.330 Thread 0x00000000565da000 2280       3       java.awt.Color::testColorValueRange (186 bytes)

GC Heap History (4 events):
Event: 11.872 GC heap before
{Heap before GC invocations=1 (full 0):
 PSYoungGen      total 18944K, used 16384K [0x00000000eb180000, 0x00000000ec680000, 0x0000000100000000)
  eden space 16384K, 100% used [0x00000000eb180000,0x00000000ec180000,0x00000000ec180000)
  from space 2560K, 0% used [0x00000000ec400000,0x00000000ec400000,0x00000000ec680000)
  to   space 2560K, 0% used [0x00000000ec180000,0x00000000ec180000,0x00000000ec400000)
 ParOldGen       total 44032K, used 0K [0x00000000c1400000, 0x00000000c3f00000, 0x00000000eb180000)
  object space 44032K, 0% used [0x00000000c1400000,0x00000000c1400000,0x00000000c3f00000)
 Metaspace       used 13723K, capacity 13918K, committed 14208K, reserved 1060864K
  class space    used 1790K, capacity 1863K, committed 1920K, reserved 1048576K
Event: 11.883 GC heap after
Heap after GC invocations=1 (full 0):
 PSYoungGen      total 18944K, used 2553K [0x00000000eb180000, 0x00000000ec680000, 0x0000000100000000)
  eden space 16384K, 0% used [0x00000000eb180000,0x00000000eb180000,0x00000000ec180000)
  from space 2560K, 99% used [0x00000000ec180000,0x00000000ec3fe6e8,0x00000000ec400000)
  to   space 2560K, 0% used [0x00000000ec400000,0x00000000ec400000,0x00000000ec680000)
 ParOldGen       total 44032K, used 2471K [0x00000000c1400000, 0x00000000c3f00000, 0x00000000eb180000)
  object space 44032K, 5% used [0x00000000c1400000,0x00000000c1669dc0,0x00000000c3f00000)
 Metaspace       used 13723K, capacity 13918K, committed 14208K, reserved 1060864K
  class space    used 1790K, capacity 1863K, committed 1920K, reserved 1048576K
}
Event: 16.212 GC heap before
{Heap before GC invocations=2 (full 0):
 PSYoungGen      total 18944K, used 18363K [0x00000000eb180000, 0x00000000ec680000, 0x0000000100000000)
  eden space 16384K, 96% used [0x00000000eb180000,0x00000000ec0f0840,0x00000000ec180000)
  from space 2560K, 99% used [0x00000000ec180000,0x00000000ec3fe6e8,0x00000000ec400000)
  to   space 2560K, 0% used [0x00000000ec400000,0x00000000ec400000,0x00000000ec680000)
 ParOldGen       total 44032K, used 2471K [0x00000000c1400000, 0x00000000c3f00000, 0x00000000eb180000)
  object space 44032K, 5% used [0x00000000c1400000,0x00000000c1669dc0,0x00000000c3f00000)
 Metaspace       used 16080K, capacity 16298K, committed 16512K, reserved 1062912K
  class space    used 2073K, capacity 2123K, committed 2176K, reserved 1048576K
Event: 16.225 GC heap after
Heap after GC invocations=2 (full 0):
 PSYoungGen      total 18944K, used 2544K [0x00000000eb180000, 0x00000000ec680000, 0x0000000100000000)
  eden space 16384K, 0% used [0x00000000eb180000,0x00000000eb180000,0x00000000ec180000)
  from space 2560K, 99% used [0x00000000ec400000,0x00000000ec67c1e8,0x00000000ec680000)
  to   space 2560K, 0% used [0x00000000ec180000,0x00000000ec180000,0x00000000ec400000)
 ParOldGen       total 44032K, used 4933K [0x00000000c1400000, 0x00000000c3f00000, 0x00000000eb180000)
  object space 44032K, 11% used [0x00000000c1400000,0x00000000c18d1538,0x00000000c3f00000)
 Metaspace       used 16080K, capacity 16298K, committed 16512K, reserved 1062912K
  class space    used 2073K, capacity 2123K, committed 2176K, reserved 1048576K
}

Deoptimization events (10 events):
Event: 8.642 Thread 0x0000000057887000 Uncommon trap: reason=unstable_if action=reinterpret pc=0x0000000002a52a14 method=sun.font.TrueTypeFont.getDirectoryEntry(I)Lsun/font/TrueTypeFont$DirectoryEntry; @ 7
Event: 8.707 Thread 0x0000000057887000 Uncommon trap: reason=predicate action=maybe_recompile pc=0x0000000002a15498 method=java.util.ArrayList.indexOf(Ljava/lang/Object;)I @ 44
Event: 9.021 Thread 0x0000000057887000 Uncommon trap: reason=unstable_if action=reinterpret pc=0x0000000002aa0208 method=java.awt.MultipleGradientPaintContext.indexIntoGradientsArrays(F)I @ 13
Event: 10.250 Thread 0x0000000057887000 Uncommon trap: reason=class_check action=maybe_recompile pc=0x0000000002906518 method=java.lang.String.equals(Ljava/lang/Object;)Z @ 8
Event: 10.250 Thread 0x0000000057887000 Uncommon trap: reason=class_check action=maybe_recompile pc=0x0000000002906518 method=java.lang.String.equals(Ljava/lang/Object;)Z @ 8
Event: 11.637 Thread 0x0000000057887000 Uncommon trap: reason=class_check action=maybe_recompile pc=0x0000000002906518 method=java.lang.String.equals(Ljava/lang/Object;)Z @ 8
Event: 12.389 Thread 0x0000000057887000 Uncommon trap: reason=unstable_if action=reinterpret pc=0x0000000002c45950 method=java.lang.reflect.Method.equals(Ljava/lang/Object;)Z @ 49
Event: 14.582 Thread 0x0000000057887000 Uncommon trap: reason=class_check action=maybe_recompile pc=0x0000000002906518 method=java.lang.String.equals(Ljava/lang/Object;)Z @ 8
Event: 16.048 Thread 0x0000000057887000 Uncommon trap: reason=null_check action=make_not_entrant pc=0x0000000002dda3d0 method=javax.swing.plaf.nimbus.NimbusDefaults$LazyStyle.matches(Ljava/awt/Component;I)Z @ 39
Event: 16.179 Thread 0x0000000057887000 Uncommon trap: reason=unstable_if action=reinterpret pc=0x0000000002dd2058 method=javax.swing.RepaintManager.addDirtyRegion0(Ljava/awt/Container;IIII)V @ 61

Internal exceptions (10 events):
Event: 12.426 Thread 0x0000000057887000 Exception <a 'java/lang/ClassNotFoundException': java/lang/ObjectCustomizer> (0x00000000eb94f448) thrown at [C:\re\workspace\8-2-build-windows-amd64-cygwin\jdk8u102\7268\hotspot\src\share\vm\classfile\systemDictionary.cpp, line 210]
Event: 12.427 Thread 0x0000000057887000 Exception <a 'java/lang/ClassNotFoundException': java/awt/ComponentCustomizer> (0x00000000eb955cf8) thrown at [C:\re\workspace\8-2-build-windows-amd64-cygwin\jdk8u102\7268\hotspot\src\share\vm\classfile\systemDictionary.cpp, line 210]
Event: 12.430 Thread 0x0000000057887000 Exception <a 'java/lang/ClassNotFoundException': java/awt/ContainerCustomizer> (0x00000000eb9e34c8) thrown at [C:\re\workspace\8-2-build-windows-amd64-cygwin\jdk8u102\7268\hotspot\src\share\vm\classfile\systemDictionary.cpp, line 210]
Event: 12.434 Thread 0x0000000057887000 Exception <a 'java/lang/ClassNotFoundException': java/awt/WindowCustomizer> (0x00000000eba2a2f0) thrown at [C:\re\workspace\8-2-build-windows-amd64-cygwin\jdk8u102\7268\hotspot\src\share\vm\classfile\systemDictionary.cpp, line 210]
Event: 12.439 Thread 0x0000000057887000 Exception <a 'java/lang/ClassNotFoundException': java/awt/FrameCustomizer> (0x00000000eba904a0) thrown at [C:\re\workspace\8-2-build-windows-amd64-cygwin\jdk8u102\7268\hotspot\src\share\vm\classfile\systemDictionary.cpp, line 210]
Event: 12.441 Thread 0x0000000057887000 Exception <a 'java/lang/ClassNotFoundException': javax/swing/JFrameCustomizer> (0x00000000ebabee30) thrown at [C:\re\workspace\8-2-build-windows-amd64-cygwin\jdk8u102\7268\hotspot\src\share\vm\classfile\systemDictionary.cpp, line 210]
Event: 12.444 Thread 0x0000000057887000 Exception <a 'java/lang/ClassNotFoundException': co/edu/eam/ingesoft/desarrollo/SDIDE/vista/gui/VentanaContactoEmpresaCustomizer> (0x00000000ebaee0a0) thrown at [C:\re\workspace\8-2-build-windows-amd64-cygwin\jdk8u102\7268\hotspot\src\share\vm\classfile\syxÌ¤%[ç(@
Event: 12.452 Thread 0x0000000057887000 Exception <a 'java/lang/ClassCastException'> (0x00000000ebb2ba40) thrown at [C:\re\workspace\8-2-build-windows-amd64-cygwin\jdk8u102\7268\hotspot\src\share\vm\prims\jvm.cpp, line 1390]
Event: 12.452 Thread 0x0000000057887000 Exception <a 'java/lang/ClassCastException'> (0x00000000ebb2ba40) thrown at [C:\re\workspace\8-2-build-windows-amd64-cygwin\jdk8u102\7268\hotspot\src\share\vm\prims\jvm.cpp, line 1390]
Event: 16.048 Thread 0x0000000057887000 Implicit null exception at 0x0000000002dd6ce7 to 0x0000000002dda3b5

Events (10 events):
Event: 16.232 Executing VM operation: RevokeBias done
Event: 16.232 Executing VM operation: RevokeBias
Event: 16.232 Executing VM operation: RevokeBias done
Event: 16.232 Executing VM operation: BulkRevokeBias
Event: 16.232 Executing VM operation: BulkRevokeBias done
Event: 17.227 Executing VM operation: RevokeBias
Event: 17.227 Executing VM operation: RevokeBias done
Event: 17.227 Thread 0x0000000057a6b000 Thread exited: 0x0000000057a6b000
Event: 19.236 loading class sun/awt/SunToolkit$1
Event: 19.237 loading class sun/awt/SunToolkit$1 done


Dynamic libraries:
0x000000013fbd0000 - 0x000000013fc07000 	C:\Program Files\Java\jre1.8.0_102\bin\javaw.exe
0x0000000077a30000 - 0x0000000077bdb000 	C:\Windows\SYSTEM32\ntdll.dll
0x0000000077810000 - 0x000000007792f000 	C:\Windows\system32\kernel32.dll
0x000007fefda40000 - 0x000007fefdaab000 	C:\Windows\system32\KERNELBASE.dll
0x000007feff3c0000 - 0x000007feff49b000 	C:\Windows\system32\ADVAPI32.dll
0x000007feff150000 - 0x000007feff1ef000 	C:\Windows\system32\msvcrt.dll
0x000007feff320000 - 0x000007feff33f000 	C:\Windows\SYSTEM32\sechost.dll
0x000007feffa00000 - 0x000007feffb2e000 	C:\Windows\system32\RPCRT4.dll
0x0000000077930000 - 0x0000000077a2a000 	C:\Windows\system32\USER32.dll
0x000007feff6b0000 - 0x000007feff717000 	C:\Windows\system32\GDI32.dll
0x000007feff140000 - 0x000007feff14e000 	C:\Windows\system32\LPK.dll
0x000007feff720000 - 0x000007feff7ea000 	C:\Windows\system32\USP10.dll
0x000007fefc070000 - 0x000007fefc264000 	C:\Windows\WinSxS\amd64_microsoft.windows.common-controls_6595b64144ccf1df_6.0.7600.16385_none_fa645303170382f6\COMCTL32.dll
0x000007fefe200000 - 0x000007fefe271000 	C:\Windows\system32\SHLWAPI.dll
0x000007feffb30000 - 0x000007feffb5e000 	C:\Windows\system32\IMM32.DLL
0x000007feff4b0000 - 0x000007feff5b9000 	C:\Windows\system32\MSCTF.dll
0x000000006c2e0000 - 0x000000006c3b1000 	C:\Program Files\Java\jre1.8.0_102\bin\msvcr100.dll
0x000000005cb40000 - 0x000000005d3da000 	C:\Program Files\Java\jre1.8.0_102\bin\server\jvm.dll
0x000007fef57e0000 - 0x000007fef57e9000 	C:\Windows\system32\WSOCK32.dll
0x000007fefe280000 - 0x000007fefe2cd000 	C:\Windows\system32\WS2_32.dll
0x000007feff4a0000 - 0x000007feff4a8000 	C:\Windows\system32\NSI.dll
0x000007fefb830000 - 0x000007fefb86b000 	C:\Windows\system32\WINMM.dll
0x000007fefcb00000 - 0x000007fefcb0c000 	C:\Windows\system32\VERSION.dll
0x0000000077bf0000 - 0x0000000077bf7000 	C:\Windows\system32\PSAPI.DLL
0x0000000074d10000 - 0x0000000074d1f000 	C:\Program Files\Java\jre1.8.0_102\bin\verify.dll
0x0000000074ce0000 - 0x0000000074d09000 	C:\Program Files\Java\jre1.8.0_102\bin\java.dll
0x0000000074cc0000 - 0x0000000074cd6000 	C:\Program Files\Java\jre1.8.0_102\bin\zip.dll
0x000007fefe3b0000 - 0x000007feff136000 	C:\Windows\system32\SHELL32.dll
0x000007feff7f0000 - 0x000007feff9f1000 	C:\Windows\system32\ole32.dll
0x000007fefd990000 - 0x000007fefd99f000 	C:\Windows\system32\profapi.dll
0x000000005ff80000 - 0x0000000060118000 	C:\Program Files\Java\jre1.8.0_102\bin\awt.dll
0x000007fefe2d0000 - 0x000007fefe3a7000 	C:\Windows\system32\OLEAUT32.dll
0x000007fefbbe0000 - 0x000007fefbc36000 	C:\Windows\system32\uxtheme.dll
0x000007fefb730000 - 0x000007fefb748000 	C:\Windows\system32\dwmapi.dll
0x000007fefd8c0000 - 0x000007fefd8cf000 	C:\Windows\system32\CRYPTBASE.dll
0x000000006c770000 - 0x000000006c7b7000 	C:\Program Files\Java\jre1.8.0_102\bin\fontmanager.dll
0x000007fefe160000 - 0x000007fefe1f9000 	C:\Windows\system32\CLBCatQ.DLL
0x000007fefb430000 - 0x000007fefb55a000 	C:\Windows\system32\WindowsCodecs.dll
0x000007fefd860000 - 0x000007fefd8b7000 	C:\Windows\system32\apphelp.dll
0x000007feef4f0000 - 0x000007feef72b000 	C:\PROGRA~1\MICROS~3\Office15\GROOVEEX.DLL
0x00000000719a0000 - 0x0000000071a38000 	C:\Windows\system32\MSVCP100.dll
0x00000000715d0000 - 0x00000000715fb000 	C:\Windows\system32\ATL100.DLL
0x000007feedef0000 - 0x000007feee206000 	C:\Windows\system32\msi.dll
0x000007feebd40000 - 0x000007feec383000 	C:\PROGRA~1\MICROS~3\Office15\3082\GrooveIntlResource.dll
0x0000000071a60000 - 0x0000000071b5c000 	C:\Program Files\AVAST Software\Avast\ashShA64.dll
0x000007fefb9c0000 - 0x000007fefbbd5000 	C:\Windows\WinSxS\amd64_microsoft.windows.gdiplus_6595b64144ccf1df_1.1.7600.16385_none_2b4f45e87195fcc4\gdiplus.dll
0x000007fefc030000 - 0x000007fefc041000 	C:\Windows\system32\WTSAPI32.dll
0x000007fefdb50000 - 0x000007fefdcb6000 	C:\Windows\system32\CRYPT32.dll
0x000007fefda30000 - 0x000007fefda3f000 	C:\Windows\system32\MSASN1.dll
0x000007feebd00000 - 0x000007feebd35000 	C:\Windows\system32\EhStorShell.dll
0x000007feffb60000 - 0x000007feffd37000 	C:\Windows\system32\SETUPAPI.dll
0x000007fefdd20000 - 0x000007fefdd56000 	C:\Windows\system32\CFGMGR32.dll
0x000007fefdd00000 - 0x000007fefdd1a000 	C:\Windows\system32\DEVOBJ.dll
0x000007fefc6d0000 - 0x000007fefc7fc000 	C:\Windows\system32\PROPSYS.dll
0x000007feebc80000 - 0x000007feebcfe000 	C:\Windows\System32\cscui.dll
0x000007feefce0000 - 0x000007feefcec000 	C:\Windows\System32\CSCDLL.dll
0x000007feefcf0000 - 0x000007feefcff000 	C:\Windows\system32\CSCAPI.dll
0x000007feebc00000 - 0x000007feebc80000 	C:\Windows\system32\ntshrui.dll
0x000007fefd5d0000 - 0x000007fefd5f3000 	C:\Windows\system32\srvcli.dll
0x000007fefc440000 - 0x000007fefc44b000 	C:\Windows\system32\slc.dll
0x0000000074ca0000 - 0x0000000074cba000 	C:\Program Files\Java\jre1.8.0_102\bin\net.dll
0x000007fefd200000 - 0x000007fefd254000 	C:\Windows\system32\mswsock.dll
0x000007fefd1f0000 - 0x000007fefd1f7000 	C:\Windows\System32\wship6.dll
0x0000000074c80000 - 0x0000000074c91000 	C:\Program Files\Java\jre1.8.0_102\bin\nio.dll
0x00000000740b0000 - 0x00000000740f2000 	C:\Program Files\Java\jre1.8.0_102\bin\t2k.dll
0x000000006c5b0000 - 0x000000006c5da000 	C:\Program Files\Java\jre1.8.0_102\bin\dcpr.dll

VM Arguments:
jvm_args: -Dfile.encoding=Cp1252 
java_command: co.edu.eam.ingesoft.desarrollo.SDIDE.vista.gui.Login
java_class_path (initial): D:\Estudio Sergio\Desarrollo Software\proyectos\ProyectoFinal\SistemaDeInformacionDeEgresados\SistemaDeInformacionDeEgresados-gui\target\classes;C:\Users\XgioserX\.m2\repository\unknown\binary\jcalendar-1.3.3\SNAPSHOT\jcalendar-1.3.3-SNAPSHOT.jar;C:\Users\XgioserX\.m2\repository\org\jdesktop\beansbinding\1.2.1\beansbinding-1.2.1.jar
Launcher Type: SUN_STANDARD

Environment Variables:
JAVA_HOME=C:\Program Files\Java\jdk1.8.0_102
PATH=C:/Program Files/Java/jre1.8.0_102/bin/server;C:/Program Files/Java/jre1.8.0_102/bin;C:/Program Files/Java/jre1.8.0_102/lib/amd64;C:\ProgramData\Oracle\Java\javapath;C:\Windows\system32;C:\Windows;C:\Windows\System32\Wbem;C:\Windows\System32\WindowsPowerShell\v1.0\;C:\Program Files\Intel\WiFi\bin\;C:\Program Files\Common Files\Intel\WirelessCommon\;C:\Program Files (x86)\Skype\Phone\;C:\Program Files\Intel\WiFi\bin\;C:\Program Files\Common Files\Intel\WirelessCommon\;D:\Estudio Sergio\Desarrollo Software\Instaladores\eclipse;
USERNAME=XgioserX
OS=Windows_NT
PROCESSOR_IDENTIFIER=Intel64 Family 6 Model 69 Stepping 1, GenuineIntel



---------------  S Y S T E M  ---------------

OS: Windows 7 , 64 bit Build 7600 (6.1.7600.16385)

CPU:total 4 (2 cores per cpu, 2 threads per core) family 6 model 69 stepping 1, cmov, cx8, fxsr, mmx, sse, sse2, sse3, ssse3, sse4.1, sse4.2, popcnt, aes, clmul, erms, lzcnt, ht, tsc, tscinvbit, bmi1, bmi2

Memory: 4k page, physical 4108956k(142912k free), swap 16433928k(1980k free)

vm_info: Java HotSpot(TM) 64-Bit Server VM (25.102-b14) for windows-amd64 JRE (1.8.0_102-b14), built on Jun 22 2016 13:15:21 by "java_re" with MS VC++ 10.0 (VS2010)

time: Thu Oct 20 15:35:38 2016
elapsed time: 4547 seconds (0d 1h 15m 47s)

