#
# There is insufficient memory for the Java Runtime Environment to continue.
# Native memory allocation (malloc) failed to allocate 32744 bytes for ChunkPool::allocate
# Possible reasons:
#   The system is out of physical RAM or swap space
#   In 32 bit mode, the process size limit was hit
# Possible solutions:
#   Reduce memory load on the system
#   Increase physical memory or swap space
#   Check if swap backing store is full
#   Use 64 bit Java on a 64 bit OS
#   Decrease Java heap size (-Xmx/-Xms)
#   Decrease number of Java threads
#   Decrease Java thread stack sizes (-Xss)
#   Set larger code cache with -XX:ReservedCodeCacheSize=
# This output file may be truncated or incomplete.
#
#  Out of Memory Error (allocation.cpp:273), pid=8980, tid=0x0000000000001f08
#
# JRE version: Java(TM) SE Runtime Environment (8.0_102-b14) (build 1.8.0_102-b14)
# Java VM: Java HotSpot(TM) 64-Bit Server VM (25.102-b14 mixed mode windows-amd64 compressed oops)
# Failed to write core dump. Minidumps are not enabled by default on client versions of Windows
#

---------------  T H R E A D  ---------------

Current thread (0x0000000056718800):  JavaThread "C1 CompilerThread2" daemon [_thread_in_native, id=7944, stack(0x0000000056f80000,0x0000000057080000)]

Stack: [0x0000000056f80000,0x0000000057080000]
[error occurred during error reporting (printing stack bounds), id 0xc0000005]

Native frames: (J=compiled Java code, j=interpreted, Vv=VM code, C=native code)


Current CompileTask:
C1:9869281 1609       3       sun.invoke.util.BytecodeDescriptor::unparseSig (75 bytes)


---------------  P R O C E S S  ---------------

Java Threads: ( => current thread )
  0x00000000585b5800 JavaThread "TimerQueue" daemon [_thread_blocked, id=10092, stack(0x00000000598e0000,0x00000000599e0000)]
  0x000000000218e000 JavaThread "DestroyJavaVM" [_thread_blocked, id=7732, stack(0x0000000002410000,0x0000000002510000)]
  0x000000005806f000 JavaThread "AWT-EventQueue-0" [_thread_blocked, id=9824, stack(0x00000000571e0000,0x00000000572e0000)]
  0x0000000056af9000 JavaThread "AWT-Windows" daemon [_thread_in_native, id=10084, stack(0x0000000057900000,0x0000000057a00000)]
  0x0000000056af7800 JavaThread "AWT-Shutdown" [_thread_blocked, id=9916, stack(0x0000000057730000,0x0000000057830000)]
  0x0000000056af7000 JavaThread "Java2D Disposer" daemon [_thread_blocked, id=8528, stack(0x0000000057560000,0x0000000057660000)]
  0x000000005678b000 JavaThread "Service Thread" daemon [_thread_blocked, id=8704, stack(0x00000000570d0000,0x00000000571d0000)]
=>0x0000000056718800 JavaThread "C1 CompilerThread2" daemon [_thread_in_native, id=7944, stack(0x0000000056f80000,0x0000000057080000)]
  0x0000000056715000 JavaThread "C2 CompilerThread1" daemon [_thread_in_native, id=9908, stack(0x0000000056d90000,0x0000000056e90000)]
  0x0000000054e1d800 JavaThread "C2 CompilerThread0" daemon [_thread_blocked, id=9484, stack(0x0000000056b70000,0x0000000056c70000)]
  0x0000000054e1b800 JavaThread "Attach Listener" daemon [_thread_blocked, id=1276, stack(0x0000000056610000,0x0000000056710000)]
  0x0000000054e18000 JavaThread "Signal Dispatcher" daemon [_thread_blocked, id=9820, stack(0x0000000056390000,0x0000000056490000)]
  0x0000000054df9000 JavaThread "Finalizer" daemon [_thread_blocked, id=10016, stack(0x0000000056250000,0x0000000056350000)]
  0x0000000054db1800 JavaThread "Reference Handler" daemon [_thread_blocked, id=10196, stack(0x0000000055e40000,0x0000000055f40000)]

Other Threads:
  0x0000000054da9800 VMThread [stack: 0x0000000055ff0000,0x00000000560f0000] [id=2380]
  0x00000000567c9800 WatcherThread [stack: 0x00000000572e0000,0x00000000573e0000] [id=8908]

VM state:not at safepoint (normal execution)

VM Mutex/Monitor currently owned by a thread: None

Heap:
 PSYoungGen      total 18944K, used 7257K [0x00000000eb180000, 0x00000000ec680000, 0x0000000100000000)
  eden space 16384K, 28% used [0x00000000eb180000,0x00000000eb617d60,0x00000000ec180000)
  from space 2560K, 99% used [0x00000000ec180000,0x00000000ec3fe6e8,0x00000000ec400000)
  to   space 2560K, 0% used [0x00000000ec400000,0x00000000ec400000,0x00000000ec680000)
 ParOldGen       total 44032K, used 2713K [0x00000000c1400000, 0x00000000c3f00000, 0x00000000eb180000)
  object space 44032K, 6% used [0x00000000c1400000,0x00000000c16a66b0,0x00000000c3f00000)
 Metaspace       used 14842K, capacity 15124K, committed 15360K, reserved 1062912K
  class space    used 1942K, capacity 2030K, committed 2048K, reserved 1048576K

Card table byte_map: [0x0000000011ba0000,0x0000000011da0000] byte_map_base: 0x0000000011596000

Marking Bits: (ParMarkBitMap*) 0x000000005d35a6c0
 Begin Bits: [0x00000000122c0000, 0x0000000013270000)
 End Bits:   [0x0000000013270000, 0x0000000014220000)

Polling page: 0x0000000000220000

CodeCache: size=245760Kb used=5423Kb max_used=5437Kb free=240336Kb
 bounds [0x00000000027e0000, 0x0000000002d40000, 0x00000000117e0000]
 total_blobs=2121 nmethods=1608 adapters=426
 compilation: enabled

Compilation events (10 events):
Event: 498.630 Thread 0x0000000056718800 1604       3       sun.java2d.pipe.DrawImage::closeToInteger (20 bytes)
Event: 498.630 Thread 0x0000000056718800 nmethod 1604 0x0000000002d11250 code [0x0000000002d113e0, 0x0000000002d115b0]
Event: 498.630 Thread 0x0000000056718800 1605       3       sun.java2d.loops.GraphicsPrimitive::getNativePrim (5 bytes)
Event: 498.631 Thread 0x0000000056718800 nmethod 1605 0x0000000002d10f50 code [0x0000000002d110a0, 0x0000000002d111f0]
Event: 9858.854 Thread 0x0000000056718800 1607       3       java.lang.invoke.MethodType::toMethodDescriptorString (21 bytes)
Event: 9862.218 Thread 0x0000000056718800 nmethod 1607 0x0000000002d16050 code [0x0000000002d16260, 0x0000000002d16d38]
Event: 9862.282 Thread 0x0000000056718800 1608       3       java.lang.invoke.MethodType$ConcurrentWeakInternSet$WeakEntry::equals (49 bytes)
Event: 9862.883 Thread 0x0000000056718800 nmethod 1608 0x0000000002d105d0 code [0x0000000002d10760, 0x0000000002d10da8]
Event: 9862.883 Thread 0x0000000056718800 1609       3       sun.invoke.util.BytecodeDescriptor::unparseSig (75 bytes)
Event: 9865.445 Thread 0x0000000056715000 1610       4       java.util.HashMap$HashIterator::hasNext (13 bytes)

GC Heap History (2 events):
Event: 2.778 GC heap before
{Heap before GC invocations=1 (full 0):
 PSYoungGen      total 18944K, used 16384K [0x00000000eb180000, 0x00000000ec680000, 0x0000000100000000)
  eden space 16384K, 100% used [0x00000000eb180000,0x00000000ec180000,0x00000000ec180000)
  from space 2560K, 0% used [0x00000000ec400000,0x00000000ec400000,0x00000000ec680000)
  to   space 2560K, 0% used [0x00000000ec180000,0x00000000ec180000,0x00000000ec400000)
 ParOldGen       total 44032K, used 0K [0x00000000c1400000, 0x00000000c3f00000, 0x00000000eb180000)
  object space 44032K, 0% used [0x00000000c1400000,0x00000000c1400000,0x00000000c3f00000)
 Metaspace       used 14262K, capacity 14506K, committed 14592K, reserved 1062912K
  class space    used 1920K, capacity 1995K, committed 2048K, reserved 1048576K
Event: 2.793 GC heap after
Heap after GC invocations=1 (full 0):
 PSYoungGen      total 18944K, used 2553K [0x00000000eb180000, 0x00000000ec680000, 0x0000000100000000)
  eden space 16384K, 0% used [0x00000000eb180000,0x00000000eb180000,0x00000000ec180000)
  from space 2560K, 99% used [0x00000000ec180000,0x00000000ec3fe6e8,0x00000000ec400000)
  to   space 2560K, 0% used [0x00000000ec400000,0x00000000ec400000,0x00000000ec680000)
 ParOldGen       total 44032K, used 2713K [0x00000000c1400000, 0x00000000c3f00000, 0x00000000eb180000)
  object space 44032K, 6% used [0x00000000c1400000,0x00000000c16a66b0,0x00000000c3f00000)
 Metaspace       used 14262K, capacity 14506K, committed 14592K, reserved 1062912K
  class space    used 1920K, capacity 1995K, committed 2048K, reserved 1048576K
}

Deoptimization events (7 events):
Event: 0.513 Thread 0x00000000580d0000 Uncommon trap: reason=unstable_if action=reinterpret pc=0x00000000029c0168 method=java.lang.String.<init>([CII)V @ 18
Event: 0.531 Thread 0x0000000056af9000 Uncommon trap: reason=unstable_if action=reinterpret pc=0x00000000029cb8b8 method=java.util.HashMap.putVal(ILjava/lang/Object;Ljava/lang/Object;ZZ)Ljava/lang/Object; @ 206
Event: 0.532 Thread 0x0000000056af9000 Uncommon trap: reason=unstable_if action=reinterpret pc=0x00000000029c3eac method=java.util.HashMap.putVal(ILjava/lang/Object;Ljava/lang/Object;ZZ)Ljava/lang/Object; @ 206
Event: 1.137 Thread 0x000000005806f000 Uncommon trap: reason=unstable_if action=reinterpret pc=0x0000000002a80f94 method=sun.font.TrueTypeFont.getDirectoryEntry(I)Lsun/font/TrueTypeFont$DirectoryEntry; @ 7
Event: 1.161 Thread 0x000000005806f000 Uncommon trap: reason=predicate action=maybe_recompile pc=0x0000000002a47218 method=java.util.ArrayList.indexOf(Ljava/lang/Object;)I @ 44
Event: 1.238 Thread 0x000000005806f000 Uncommon trap: reason=unstable_if action=reinterpret pc=0x0000000002ad17c8 method=java.awt.MultipleGradientPaintContext.indexIntoGradientsArrays(F)I @ 13
Event: 2.422 Thread 0x000000005806f000 Uncommon trap: reason=class_check action=maybe_recompile pc=0x000000000294f80c method=java.lang.String.equals(Ljava/lang/Object;)Z @ 8

Internal exceptions (10 events):
Event: 0.345 Thread 0x000000000218e000 Exception <a 'java/lang/ClassNotFoundException': ToolBar> (0x00000000eb4e1490) thrown at [C:\re\workspace\8-2-build-windows-amd64-cygwin\jdk8u102\7268\hotspot\src\share\vm\classfile\systemDictionary.cpp, line 210]
Event: 0.345 Thread 0x000000000218e000 Exception <a 'java/lang/ClassNotFoundException': ToggleButton> (0x00000000eb4e1a40) thrown at [C:\re\workspace\8-2-build-windows-amd64-cygwin\jdk8u102\7268\hotspot\src\share\vm\classfile\systemDictionary.cpp, line 210]
Event: 0.345 Thread 0x000000000218e000 Exception <a 'java/lang/ClassNotFoundException': javax/swing/JToolBarSeparator> (0x00000000eb4e1ea0) thrown at [C:\re\workspace\8-2-build-windows-amd64-cygwin\jdk8u102\7268\hotspot\src\share\vm\classfile\systemDictionary.cpp, line 210]
Event: 0.345 Thread 0x000000000218e000 Exception <a 'java/lang/ClassNotFoundException': ToolBarSeparator> (0x00000000eb4e2338) thrown at [C:\re\workspace\8-2-build-windows-amd64-cygwin\jdk8u102\7268\hotspot\src\share\vm\classfile\systemDictionary.cpp, line 210]
Event: 0.345 Thread 0x000000000218e000 Exception <a 'java/lang/ClassNotFoundException': ToolTip> (0x00000000eb4e2a78) thrown at [C:\re\workspace\8-2-build-windows-amd64-cygwin\jdk8u102\7268\hotspot\src\share\vm\classfile\systemDictionary.cpp, line 210]
Event: 0.346 Thread 0x000000000218e000 Exception <a 'java/lang/ClassNotFoundException': Tree> (0x00000000eb4e3698) thrown at [C:\re\workspace\8-2-build-windows-amd64-cygwin\jdk8u102\7268\hotspot\src\share\vm\classfile\systemDictionary.cpp, line 210]
Event: 0.346 Thread 0x000000000218e000 Exception <a 'java/lang/ClassNotFoundException': Tree> (0x00000000eb4e3dd8) thrown at [C:\re\workspace\8-2-build-windows-amd64-cygwin\jdk8u102\7268\hotspot\src\share\vm\classfile\systemDictionary.cpp, line 210]
Event: 0.346 Thread 0x000000000218e000 Exception <a 'java/lang/ClassNotFoundException': javax/swing/JTreeCell> (0x00000000eb4e4158) thrown at [C:\re\workspace\8-2-build-windows-amd64-cygwin\jdk8u102\7268\hotspot\src\share\vm\classfile\systemDictionary.cpp, line 210]
Event: 0.346 Thread 0x000000000218e000 Exception <a 'java/lang/ClassNotFoundException': TreeCell> (0x00000000eb4e45e0) thrown at [C:\re\workspace\8-2-build-windows-amd64-cygwin\jdk8u102\7268\hotspot\src\share\vm\classfile\systemDictionary.cpp, line 210]
Event: 0.347 Thread 0x000000000218e000 Exception <a 'java/lang/ClassNotFoundException': RootPane> (0x00000000eb4e5040) thrown at [C:\re\workspace\8-2-build-windows-amd64-cygwin\jdk8u102\7268\hotspot\src\share\vm\classfile\systemDictionary.cpp, line 210]

Events (10 events):
Event: 497.270 Executing VM operation: BulkRevokeBias
Event: 497.270 Executing VM operation: BulkRevokeBias done
Event: 497.384 Executing VM operation: BulkRevokeBias
Event: 497.384 Executing VM operation: BulkRevokeBias done
Event: 497.384 Executing VM operation: BulkRevokeBias
Event: 497.384 Executing VM operation: BulkRevokeBias done
Event: 499.611 loading class java/awt/KeyboardFocusManager$2
Event: 499.611 loading class java/awt/KeyboardFocusManager$2 done
Event: 499.611 loading class sun/awt/SunToolkit$1
Event: 499.612 loading class sun/awt/SunToolkit$1 done


Dynamic libraries:
0x000000013fbd0000 - 0x000000013fc07000 	C:\Program Files\Java\jre1.8.0_102\bin\javaw.exe
0x0000000077a30000 - 0x0000000077bdb000 	C:\Windows\SYSTEM32\ntdll.dll
0x0000000077810000 - 0x000000007792f000 	C:\Windows\system32\kernel32.dll
0x000007fefda40000 - 0x000007fefdaab000 	C:\Windows\system32\KERNELBASE.dll
0x000007feff3c0000 - 0x000007feff49b000 	C:\Windows\system32\ADVAPI32.dll
0x000007feff150000 - 0x000007feff1ef000 	C:\Windows\system32\msvcrt.dll
0x000007feff320000 - 0x000007feff33f000 	C:\Windows\SYSTEM32\sechost.dll
0x000007feffa00000 - 0x000007feffb2e000 	C:\Windows\system32\RPCRT4.dll
0x0000000077930000 - 0x0000000077a2a000 	C:\Windows\system32\USER32.dll
0x000007feff6b0000 - 0x000007feff717000 	C:\Windows\system32\GDI32.dll
0x000007feff140000 - 0x000007feff14e000 	C:\Windows\system32\LPK.dll
0x000007feff720000 - 0x000007feff7ea000 	C:\Windows\system32\USP10.dll
0x000007fefc070000 - 0x000007fefc264000 	C:\Windows\WinSxS\amd64_microsoft.windows.common-controls_6595b64144ccf1df_6.0.7600.16385_none_fa645303170382f6\COMCTL32.dll
0x000007fefe200000 - 0x000007fefe271000 	C:\Windows\system32\SHLWAPI.dll
0x000007feffb30000 - 0x000007feffb5e000 	C:\Windows\system32\IMM32.DLL
0x000007feff4b0000 - 0x000007feff5b9000 	C:\Windows\system32\MSCTF.dll
0x000000006c2e0000 - 0x000000006c3b1000 	C:\Program Files\Java\jre1.8.0_102\bin\msvcr100.dll
0x000000005cb40000 - 0x000000005d3da000 	C:\Program Files\Java\jre1.8.0_102\bin\server\jvm.dll
0x000007fef57e0000 - 0x000007fef57e9000 	C:\Windows\system32\WSOCK32.dll
0x000007fefe280000 - 0x000007fefe2cd000 	C:\Windows\system32\WS2_32.dll
0x000007feff4a0000 - 0x000007feff4a8000 	C:\Windows\system32\NSI.dll
0x000007fefb830000 - 0x000007fefb86b000 	C:\Windows\system32\WINMM.dll
0x000007fefcb00000 - 0x000007fefcb0c000 	C:\Windows\system32\VERSION.dll
0x0000000077bf0000 - 0x0000000077bf7000 	C:\Windows\system32\PSAPI.DLL
0x0000000074d10000 - 0x0000000074d1f000 	C:\Program Files\Java\jre1.8.0_102\bin\verify.dll
0x0000000074ce0000 - 0x0000000074d09000 	C:\Program Files\Java\jre1.8.0_102\bin\java.dll
0x0000000074cc0000 - 0x0000000074cd6000 	C:\Program Files\Java\jre1.8.0_102\bin\zip.dll
0x000007fefe3b0000 - 0x000007feff136000 	C:\Windows\system32\SHELL32.dll
0x000007feff7f0000 - 0x000007feff9f1000 	C:\Windows\system32\ole32.dll
0x000007fefd990000 - 0x000007fefd99f000 	C:\Windows\system32\profapi.dll
0x000000005ff80000 - 0x0000000060118000 	C:\Program Files\Java\jre1.8.0_102\bin\awt.dll
0x000007fefe2d0000 - 0x000007fefe3a7000 	C:\Windows\system32\OLEAUT32.dll
0x000007fefbbe0000 - 0x000007fefbc36000 	C:\Windows\system32\uxtheme.dll
0x000007fefb730000 - 0x000007fefb748000 	C:\Windows\system32\dwmapi.dll
0x000007fefd8c0000 - 0x000007fefd8cf000 	C:\Windows\system32\CRYPTBASE.dll
0x000000006c770000 - 0x000000006c7b7000 	C:\Program Files\Java\jre1.8.0_102\bin\fontmanager.dll
0x000007fefe160000 - 0x000007fefe1f9000 	C:\Windows\system32\CLBCatQ.DLL
0x000007fefb430000 - 0x000007fefb55a000 	C:\Windows\system32\WindowsCodecs.dll
0x000007fefd860000 - 0x000007fefd8b7000 	C:\Windows\system32\apphelp.dll
0x000007feef4f0000 - 0x000007feef72b000 	C:\PROGRA~1\MICROS~3\Office15\GROOVEEX.DLL
0x00000000719a0000 - 0x0000000071a38000 	C:\Windows\system32\MSVCP100.dll
0x00000000715d0000 - 0x00000000715fb000 	C:\Windows\system32\ATL100.DLL
0x000007feedef0000 - 0x000007feee206000 	C:\Windows\system32\msi.dll
0x000007feebd40000 - 0x000007feec383000 	C:\PROGRA~1\MICROS~3\Office15\3082\GrooveIntlResource.dll
0x0000000071a60000 - 0x0000000071b5c000 	C:\Program Files\AVAST Software\Avast\ashShA64.dll
0x000007fefb9c0000 - 0x000007fefbbd5000 	C:\Windows\WinSxS\amd64_microsoft.windows.gdiplus_6595b64144ccf1df_1.1.7600.16385_none_2b4f45e87195fcc4\gdiplus.dll
0x000007fefc030000 - 0x000007fefc041000 	C:\Windows\system32\WTSAPI32.dll
0x000007fefdb50000 - 0x000007fefdcb6000 	C:\Windows\system32\CRYPT32.dll
0x000007fefda30000 - 0x000007fefda3f000 	C:\Windows\system32\MSASN1.dll
0x000007feebd00000 - 0x000007feebd35000 	C:\Windows\system32\EhStorShell.dll
0x000007feffb60000 - 0x000007feffd37000 	C:\Windows\system32\SETUPAPI.dll
0x000007fefdd20000 - 0x000007fefdd56000 	C:\Windows\system32\CFGMGR32.dll
0x000007fefdd00000 - 0x000007fefdd1a000 	C:\Windows\system32\DEVOBJ.dll
0x000007fefc6d0000 - 0x000007fefc7fc000 	C:\Windows\system32\PROPSYS.dll
0x000007feebc80000 - 0x000007feebcfe000 	C:\Windows\System32\cscui.dll
0x000007feefce0000 - 0x000007feefcec000 	C:\Windows\System32\CSCDLL.dll
0x000007feefcf0000 - 0x000007feefcff000 	C:\Windows\system32\CSCAPI.dll
0x000007feebc00000 - 0x000007feebc80000 	C:\Windows\system32\ntshrui.dll
0x000007fefd5d0000 - 0x000007fefd5f3000 	C:\Windows\system32\srvcli.dll
0x000007fefc440000 - 0x000007fefc44b000 	C:\Windows\system32\slc.dll
0x0000000074ca0000 - 0x0000000074cba000 	C:\Program Files\Java\jre1.8.0_102\bin\net.dll
0x000007fefd200000 - 0x000007fefd254000 	C:\Windows\system32\mswsock.dll
0x000007fefd1f0000 - 0x000007fefd1f7000 	C:\Windows\System32\wship6.dll
0x0000000074c80000 - 0x0000000074c91000 	C:\Program Files\Java\jre1.8.0_102\bin\nio.dll
0x00000000740b0000 - 0x00000000740f2000 	C:\Program Files\Java\jre1.8.0_102\bin\t2k.dll
0x000000006c5b0000 - 0x000000006c5da000 	C:\Program Files\Java\jre1.8.0_102\bin\dcpr.dll

VM Arguments:
jvm_args: -Dfile.encoding=Cp1252 
java_command: co.edu.eam.ingesoft.desarrollo.SDIDE.vista.gui.Login
java_class_path (initial): D:\Estudio Sergio\Desarrollo Software\proyectos\ProyectoFinal\SistemaDeInformacionDeEgresados\SistemaDeInformacionDeEgresados-gui\target\classes;C:\Users\XgioserX\.m2\repository\unknown\binary\jcalendar-1.3.3\SNAPSHOT\jcalendar-1.3.3-SNAPSHOT.jar;C:\Users\XgioserX\.m2\repository\org\jdesktop\beansbinding\1.2.1\beansbinding-1.2.1.jar
Launcher Type: SUN_STANDARD

Environment Variables:
JAVA_HOME=C:\Program Files\Java\jdk1.8.0_102
PATH=C:/Program Files/Java/jre1.8.0_102/bin/server;C:/Program Files/Java/jre1.8.0_102/bin;C:/Program Files/Java/jre1.8.0_102/lib/amd64;C:\ProgramData\Oracle\Java\javapath;C:\Windows\system32;C:\Windows;C:\Windows\System32\Wbem;C:\Windows\System32\WindowsPowerShell\v1.0\;C:\Program Files\Intel\WiFi\bin\;C:\Program Files\Common Files\Intel\WirelessCommon\;C:\Program Files (x86)\Skype\Phone\;C:\Program Files\Intel\WiFi\bin\;C:\Program Files\Common Files\Intel\WirelessCommon\;D:\Estudio Sergio\Desarrollo Software\Instaladores\eclipse;
USERNAME=XgioserX
OS=Windows_NT
PROCESSOR_IDENTIFIER=Intel64 Family 6 Model 69 Stepping 1, GenuineIntel



---------------  S Y S T E M  ---------------

OS: Windows 7 , 64 bit Build 7600 (6.1.7600.16385)

CPU:total 4 (2 cores per cpu, 2 threads per core) family 6 model 69 stepping 1, cmov, cx8, fxsr, mmx, sse, sse2, sse3, ssse3, sse4.1, sse4.2, popcnt, aes, clmul, erms, lzcnt, ht, tsc, tscinvbit, bmi1, bmi2

Memory: 4k page, physical 4108956k(437764k free), swap 16433928k(1396k free)

vm_info: Java HotSpot(TM) 64-Bit Server VM (25.102-b14) for windows-amd64 JRE (1.8.0_102-b14), built on Jun 22 2016 13:15:21 by "java_re" with MS VC++ 10.0 (VS2010)

time: Thu Oct 20 15:36:34 2016
elapsed time: 9867 seconds (0d 2h 44m 27s)

