#
# There is insufficient memory for the Java Runtime Environment to continue.
# Native memory allocation (malloc) failed to allocate 32744 bytes for ChunkPool::allocate
# Possible reasons:
#   The system is out of physical RAM or swap space
#   In 32 bit mode, the process size limit was hit
# Possible solutions:
#   Reduce memory load on the system
#   Increase physical memory or swap space
#   Check if swap backing store is full
#   Use 64 bit Java on a 64 bit OS
#   Decrease Java heap size (-Xmx/-Xms)
#   Decrease number of Java threads
#   Decrease Java thread stack sizes (-Xss)
#   Set larger code cache with -XX:ReservedCodeCacheSize=
# This output file may be truncated or incomplete.
#
#  Out of Memory Error (allocation.cpp:273), pid=11416, tid=0x0000000000002cd8
#
# JRE version: Java(TM) SE Runtime Environment (8.0_102-b14) (build 1.8.0_102-b14)
# Java VM: Java HotSpot(TM) 64-Bit Server VM (25.102-b14 mixed mode windows-amd64 compressed oops)
# Failed to write core dump. Minidumps are not enabled by default on client versions of Windows
#

---------------  T H R E A D  ---------------

Current thread (0x0000000054f29000):  JavaThread "C2 CompilerThread0" daemon [_thread_in_vm, id=11480, stack(0x00000000563a0000,0x00000000564a0000)]

Stack: [0x00000000563a0000,0x00000000564a0000]
[error occurred during error reporting (printing stack bounds), id 0xc0000005]

Native frames: (J=compiled Java code, j=interpreted, Vv=VM code, C=native code)


Current CompileTask:
C2:5704186 2436       4       java.util.HashMap::resize (359 bytes)


---------------  P R O C E S S  ---------------

Java Threads: ( => current thread )
  0x0000000057832800 JavaThread "TimerQueue" daemon [_thread_blocked, id=11544, stack(0x0000000059480000,0x0000000059580000)]
  0x00000000020de000 JavaThread "DestroyJavaVM" [_thread_blocked, id=11440, stack(0x0000000002110000,0x0000000002210000)]
  0x0000000057153000 JavaThread "AWT-EventQueue-0" [_thread_blocked, id=11516, stack(0x0000000058450000,0x0000000058550000)]
  0x00000000570f7800 JavaThread "AWT-Windows" daemon [_thread_in_native, id=11512, stack(0x0000000057e30000,0x0000000057f30000)]
  0x00000000570f4800 JavaThread "AWT-Shutdown" [_thread_blocked, id=11508, stack(0x0000000057c40000,0x0000000057d40000)]
  0x00000000569d5800 JavaThread "Java2D Disposer" daemon [_thread_blocked, id=11504, stack(0x0000000057a00000,0x0000000057b00000)]
  0x0000000056649000 JavaThread "Service Thread" daemon [_thread_blocked, id=11492, stack(0x0000000056ea0000,0x0000000056fa0000)]
  0x00000000565e3000 JavaThread "C1 CompilerThread2" daemon [_thread_in_native, id=11488, stack(0x0000000056d00000,0x0000000056e00000)]
  0x00000000565e2000 JavaThread "C2 CompilerThread1" daemon [_thread_in_native, id=11484, stack(0x0000000056a70000,0x0000000056b70000)]
=>0x0000000054f29000 JavaThread "C2 CompilerThread0" daemon [_thread_in_vm, id=11480, stack(0x00000000563a0000,0x00000000564a0000)]
  0x0000000054f26800 JavaThread "Attach Listener" daemon [_thread_blocked, id=11476, stack(0x00000000564e0000,0x00000000565e0000)]
  0x0000000054f23800 JavaThread "Signal Dispatcher" daemon [_thread_blocked, id=11472, stack(0x0000000056250000,0x0000000056350000)]
  0x0000000054f0a800 JavaThread "Finalizer" daemon [_thread_blocked, id=11468, stack(0x0000000055e60000,0x0000000055f60000)]
  0x0000000054ec1800 JavaThread "Reference Handler" daemon [_thread_blocked, id=11464, stack(0x0000000055fa0000,0x00000000560a0000)]

Other Threads:
  0x0000000054eba000 VMThread [stack: 0x0000000055d10000,0x0000000055e10000] [id=11460]
  0x000000005665d800 WatcherThread [stack: 0x0000000056fe0000,0x00000000570e0000] [id=11500]

VM state:not at safepoint (normal execution)

VM Mutex/Monitor currently owned by a thread: None

Heap:
 PSYoungGen      total 18944K, used 2804K [0x00000000eb180000, 0x00000000ec680000, 0x0000000100000000)
  eden space 16384K, 2% used [0x00000000eb180000,0x00000000eb1e4360,0x00000000ec180000)
  from space 2560K, 93% used [0x00000000ec180000,0x00000000ec3d8ea8,0x00000000ec400000)
  to   space 2560K, 0% used [0x00000000ec400000,0x00000000ec400000,0x00000000ec680000)
 ParOldGen       total 44032K, used 5668K [0x00000000c1400000, 0x00000000c3f00000, 0x00000000eb180000)
  object space 44032K, 12% used [0x00000000c1400000,0x00000000c19890e8,0x00000000c3f00000)
 Metaspace       used 15099K, capacity 15344K, committed 15616K, reserved 1062912K
  class space    used 1919K, capacity 1996K, committed 2048K, reserved 1048576K

Card table byte_map: [0x00000000119b0000,0x0000000011bb0000] byte_map_base: 0x00000000113a6000

Marking Bits: (ParMarkBitMap*) 0x000000005d35a6c0
 Begin Bits: [0x00000000123d0000, 0x0000000013380000)
 End Bits:   [0x0000000013380000, 0x0000000014330000)

Polling page: 0x0000000000320000

CodeCache: size=245760Kb used=8025Kb max_used=8045Kb free=237734Kb
 bounds [0x00000000025f0000, 0x0000000002de0000, 0x00000000115f0000]
 total_blobs=2949 nmethods=2434 adapters=426
 compilation: enabled

Compilation events (10 events):
Event: 13.834 Thread 0x0000000054f29000 2431   !   4       sun.font.FontDesignMetrics::getMetrics (265 bytes)
Event: 13.846 Thread 0x00000000565e3000 2432       3       javax.swing.plaf.synth.SynthButtonUI::getEnabledIcon (13 bytes)
Event: 13.846 Thread 0x00000000565e3000 nmethod 2432 0x0000000002daea50 code [0x0000000002daebc0, 0x0000000002daed88]
Event: 13.863 Thread 0x00000000565e2000 2433       4       java.awt.Font::hashCode (76 bytes)
Event: 13.868 Thread 0x00000000565e2000 nmethod 2433 0x0000000002dba190 code [0x0000000002dba2e0, 0x0000000002dba498]
Event: 13.901 Thread 0x00000000565e3000 2434   !   3       java.awt.KeyboardFocusManager::getGlobalFocusOwner (20 bytes)
Event: 13.902 Thread 0x00000000565e3000 nmethod 2434 0x0000000002db9910 code [0x0000000002db9ac0, 0x0000000002db9f48]
Event: 13.958 Thread 0x0000000054f29000 nmethod 2431 0x0000000002dcff10 code [0x0000000002dd0280, 0x0000000002dd2a68]
Event: 5620.379 Thread 0x00000000565e2000 2435       4       java.lang.StringBuilder::toString (17 bytes)
Event: 5699.369 Thread 0x0000000054f29000 2436       4       java.util.HashMap::resize (359 bytes)

GC Heap History (6 events):
Event: 3.414 GC heap before
{Heap before GC invocations=1 (full 0):
 PSYoungGen      total 18944K, used 16384K [0x00000000eb180000, 0x00000000ec680000, 0x0000000100000000)
  eden space 16384K, 100% used [0x00000000eb180000,0x00000000ec180000,0x00000000ec180000)
  from space 2560K, 0% used [0x00000000ec400000,0x00000000ec400000,0x00000000ec680000)
  to   space 2560K, 0% used [0x00000000ec180000,0x00000000ec180000,0x00000000ec400000)
 ParOldGen       total 44032K, used 0K [0x00000000c1400000, 0x00000000c3f00000, 0x00000000eb180000)
  object space 44032K, 0% used [0x00000000c1400000,0x00000000c1400000,0x00000000c3f00000)
 Metaspace       used 14014K, capacity 14274K, committed 14592K, reserved 1062912K
  class space    used 1878K, capacity 1963K, committed 2048K, reserved 1048576K
Event: 3.425 GC heap after
Heap after GC invocations=1 (full 0):
 PSYoungGen      total 18944K, used 2539K [0x00000000eb180000, 0x00000000ec680000, 0x0000000100000000)
  eden space 16384K, 0% used [0x00000000eb180000,0x00000000eb180000,0x00000000ec180000)
  from space 2560K, 99% used [0x00000000ec180000,0x00000000ec3fae60,0x00000000ec400000)
  to   space 2560K, 0% used [0x00000000ec400000,0x00000000ec400000,0x00000000ec680000)
 ParOldGen       total 44032K, used 2541K [0x00000000c1400000, 0x00000000c3f00000, 0x00000000eb180000)
  object space 44032K, 5% used [0x00000000c1400000,0x00000000c167b750,0x00000000c3f00000)
 Metaspace       used 14014K, capacity 14274K, committed 14592K, reserved 1062912K
  class space    used 1878K, capacity 1963K, committed 2048K, reserved 1048576K
}
Event: 7.377 GC heap before
{Heap before GC invocations=2 (full 0):
 PSYoungGen      total 18944K, used 18923K [0x00000000eb180000, 0x00000000ec680000, 0x0000000100000000)
  eden space 16384K, 100% used [0x00000000eb180000,0x00000000ec180000,0x00000000ec180000)
  from space 2560K, 99% used [0x00000000ec180000,0x00000000ec3fae60,0x00000000ec400000)
  to   space 2560K, 0% used [0x00000000ec400000,0x00000000ec400000,0x00000000ec680000)
 ParOldGen       total 44032K, used 2541K [0x00000000c1400000, 0x00000000c3f00000, 0x00000000eb180000)
  object space 44032K, 5% used [0x00000000c1400000,0x00000000c167b750,0x00000000c3f00000)
 Metaspace       used 14913K, capacity 15138K, committed 15360K, reserved 1062912K
  class space    used 1916K, capacity 1995K, committed 2048K, reserved 1048576K
Event: 7.388 GC heap after
Heap after GC invocations=2 (full 0):
 PSYoungGen      total 18944K, used 2545K [0x00000000eb180000, 0x00000000ec680000, 0x0000000100000000)
  eden space 16384K, 0% used [0x00000000eb180000,0x00000000eb180000,0x00000000ec180000)
  from space 2560K, 99% used [0x00000000ec400000,0x00000000ec67c570,0x00000000ec680000)
  to   space 2560K, 0% used [0x00000000ec180000,0x00000000ec180000,0x00000000ec400000)
 ParOldGen       total 44032K, used 5230K [0x00000000c1400000, 0x00000000c3f00000, 0x00000000eb180000)
  object space 44032K, 11% used [0x00000000c1400000,0x00000000c191ba20,0x00000000c3f00000)
 Metaspace       used 14913K, capacity 15138K, committed 15360K, reserved 1062912K
  class space    used 1916K, capacity 1995K, committed 2048K, reserved 1048576K
}
Event: 5625.141 GC heap before
{Heap before GC invocations=3 (full 0):
 PSYoungGen      total 18944K, used 18929K [0x00000000eb180000, 0x00000000ec680000, 0x0000000100000000)
  eden space 16384K, 100% used [0x00000000eb180000,0x00000000ec180000,0x00000000ec180000)
  from space 2560K, 99% used [0x00000000ec400000,0x00000000ec67c570,0x00000000ec680000)
  to   space 2560K, 0% used [0x00000000ec180000,0x00000000ec180000,0x00000000ec400000)
 ParOldGen       total 44032K, used 5230K [0x00000000c1400000, 0x00000000c3f00000, 0x00000000eb180000)
  object space 44032K, 11% used [0x00000000c1400000,0x00000000c191ba20,0x00000000c3f00000)
 Metaspace       used 15099K, capacity 15344K, committed 15616K, reserved 1062912K
  class space    used 1919K, capacity 1996K, committed 2048K, reserved 1048576K
Event: 5698.035 GC heap after
Heap after GC invocations=3 (full 0):
 PSYoungGen      total 18944K, used 2403K [0x00000000eb180000, 0x00000000ec680000, 0x0000000100000000)
  eden space 16384K, 0% used [0x00000000eb180000,0x00000000eb180000,0x00000000ec180000)
  from space 2560K, 93% used [0x00000000ec180000,0x00000000ec3d8ea8,0x00000000ec400000)
  to   space 2560K, 0% used [0x00000000ec400000,0x00000000ec400000,0x00000000ec680000)
 ParOldGen       total 44032K, used 5668K [0x00000000c1400000, 0x00000000c3f00000, 0x00000000eb180000)
  object space 44032K, 12% used [0x00000000c1400000,0x00000000c19890e8,0x00000000c3f00000)
 Metaspace       used 15099K, capacity 15344K, committed 15616K, reserved 1062912K
  class space    used 1919K, capacity 1996K, committed 2048K, reserved 1048576K
}

Deoptimization events (10 events):
Event: 1.402 Thread 0x0000000057153000 Uncommon trap: reason=unstable_if action=reinterpret pc=0x00000000028fbc88 method=java.awt.MultipleGradientPaintContext.indexIntoGradientsArrays(F)I @ 13
Event: 2.182 Thread 0x0000000057153000 Uncommon trap: reason=class_check action=maybe_recompile pc=0x000000000275b14c method=java.lang.String.equals(Ljava/lang/Object;)Z @ 8
Event: 2.182 Thread 0x0000000057153000 Uncommon trap: reason=class_check action=maybe_recompile pc=0x000000000275b14c method=java.lang.String.equals(Ljava/lang/Object;)Z @ 8
Event: 3.191 Thread 0x0000000057153000 Uncommon trap: reason=class_check action=maybe_recompile pc=0x000000000275b14c method=java.lang.String.equals(Ljava/lang/Object;)Z @ 8
Event: 9.405 Thread 0x0000000057153000 Uncommon trap: reason=unstable_if action=reinterpret pc=0x0000000002c9c848 method=sun.java2d.pipe.DrawImage.renderImageXform(Lsun/java2d/SunGraphics2D;Ljava/awt/Image;Ljava/awt/geom/AffineTransform;IIIIILjava/awt/Color;)V @ 247
Event: 12.067 Thread 0x0000000057153000 Uncommon trap: reason=bimorphic action=maybe_recompile pc=0x0000000002d6669c method=sun.java2d.SunGraphics2D.validateColor()V @ 19
Event: 12.081 Thread 0x0000000057153000 Uncommon trap: reason=bimorphic action=maybe_recompile pc=0x0000000002d6669c method=sun.java2d.SunGraphics2D.validateColor()V @ 19
Event: 12.763 Thread 0x0000000057153000 Uncommon trap: reason=bimorphic action=maybe_recompile pc=0x0000000002d6669c method=sun.java2d.SunGraphics2D.validateColor()V @ 19
Event: 15.661 Thread 0x0000000057153000 Uncommon trap: reason=unstable_if action=reinterpret pc=0x0000000002dc7988 method=java.awt.EventQueue.getPriority(Ljava/awt/AWTEvent;)I @ 4
Event: 15.662 Thread 0x0000000057153000 Uncommon trap: reason=unstable_if action=reinterpret pc=0x0000000002dbb23c method=java.awt.EventQueue.eventToCacheIndex(Ljava/awt/AWTEvent;)I @ 71

Internal exceptions (10 events):
Event: 0.424 Thread 0x00000000020de000 Exception <a 'java/lang/ClassNotFoundException': ToolBar> (0x00000000eb4e1660) thrown at [C:\re\workspace\8-2-build-windows-amd64-cygwin\jdk8u102\7268\hotspot\src\share\vm\classfile\systemDictionary.cpp, line 210]
Event: 0.424 Thread 0x00000000020de000 Exception <a 'java/lang/ClassNotFoundException': ToggleButton> (0x00000000eb4e1c10) thrown at [C:\re\workspace\8-2-build-windows-amd64-cygwin\jdk8u102\7268\hotspot\src\share\vm\classfile\systemDictionary.cpp, line 210]
Event: 0.424 Thread 0x00000000020de000 Exception <a 'java/lang/ClassNotFoundException': javax/swing/JToolBarSeparator> (0x00000000eb4e2070) thrown at [C:\re\workspace\8-2-build-windows-amd64-cygwin\jdk8u102\7268\hotspot\src\share\vm\classfile\systemDictionary.cpp, line 210]
Event: 0.424 Thread 0x00000000020de000 Exception <a 'java/lang/ClassNotFoundException': ToolBarSeparator> (0x00000000eb4e2508) thrown at [C:\re\workspace\8-2-build-windows-amd64-cygwin\jdk8u102\7268\hotspot\src\share\vm\classfile\systemDictionary.cpp, line 210]
Event: 0.425 Thread 0x00000000020de000 Exception <a 'java/lang/ClassNotFoundException': ToolTip> (0x00000000eb4e2c48) thrown at [C:\re\workspace\8-2-build-windows-amd64-cygwin\jdk8u102\7268\hotspot\src\share\vm\classfile\systemDictionary.cpp, line 210]
Event: 0.426 Thread 0x00000000020de000 Exception <a 'java/lang/ClassNotFoundException': Tree> (0x00000000eb4e3868) thrown at [C:\re\workspace\8-2-build-windows-amd64-cygwin\jdk8u102\7268\hotspot\src\share\vm\classfile\systemDictionary.cpp, line 210]
Event: 0.426 Thread 0x00000000020de000 Exception <a 'java/lang/ClassNotFoundException': Tree> (0x00000000eb4e3fa8) thrown at [C:\re\workspace\8-2-build-windows-amd64-cygwin\jdk8u102\7268\hotspot\src\share\vm\classfile\systemDictionary.cpp, line 210]
Event: 0.426 Thread 0x00000000020de000 Exception <a 'java/lang/ClassNotFoundException': javax/swing/JTreeCell> (0x00000000eb4e4328) thrown at [C:\re\workspace\8-2-build-windows-amd64-cygwin\jdk8u102\7268\hotspot\src\share\vm\classfile\systemDictionary.cpp, line 210]
Event: 0.426 Thread 0x00000000020de000 Exception <a 'java/lang/ClassNotFoundException': TreeCell> (0x00000000eb4e47b0) thrown at [C:\re\workspace\8-2-build-windows-amd64-cygwin\jdk8u102\7268\hotspot\src\share\vm\classfile\systemDictionary.cpp, line 210]
Event: 0.427 Thread 0x00000000020de000 Exception <a 'java/lang/ClassNotFoundException': RootPane> (0x00000000eb4e5210) thrown at [C:\re\workspace\8-2-build-windows-amd64-cygwin\jdk8u102\7268\hotspot\src\share\vm\classfile\systemDictionary.cpp, line 210]

Events (10 events):
Event: 15.654 loading class sun/awt/SunToolkit$1
Event: 15.654 loading class sun/awt/SunToolkit$1 done
Event: 15.661 Thread 0x0000000057153000 Uncommon trap: trap_request=0xffffff65 fr.pc=0x0000000002dc7988
Event: 15.662 Thread 0x0000000057153000 DEOPT PACKING pc=0x0000000002dc7988 sp=0x000000005854f180
Event: 15.662 Thread 0x0000000057153000 DEOPT UNPACKING pc=0x000000000263582a sp=0x000000005854f068 mode 2
Event: 15.662 Thread 0x0000000057153000 Uncommon trap: trap_request=0xffffff65 fr.pc=0x0000000002dbb23c
Event: 15.662 Thread 0x0000000057153000 DEOPT PACKING pc=0x0000000002dbb23c sp=0x000000005854efd0
Event: 15.662 Thread 0x0000000057153000 DEOPT UNPACKING pc=0x000000000263582a sp=0x000000005854ef60 mode 2
Event: 5620.379 Executing VM operation: ParallelGCFailedAllocation
Event: 5698.102 Executing VM operation: ParallelGCFailedAllocation done


Dynamic libraries:
0x000000013fbd0000 - 0x000000013fc07000 	C:\Program Files\Java\jre1.8.0_102\bin\javaw.exe
0x0000000077a30000 - 0x0000000077bdb000 	C:\Windows\SYSTEM32\ntdll.dll
0x0000000077810000 - 0x000000007792f000 	C:\Windows\system32\kernel32.dll
0x000007fefda40000 - 0x000007fefdaab000 	C:\Windows\system32\KERNELBASE.dll
0x000007feff3c0000 - 0x000007feff49b000 	C:\Windows\system32\ADVAPI32.dll
0x000007feff150000 - 0x000007feff1ef000 	C:\Windows\system32\msvcrt.dll
0x000007feff320000 - 0x000007feff33f000 	C:\Windows\SYSTEM32\sechost.dll
0x000007feffa00000 - 0x000007feffb2e000 	C:\Windows\system32\RPCRT4.dll
0x0000000077930000 - 0x0000000077a2a000 	C:\Windows\system32\USER32.dll
0x000007feff6b0000 - 0x000007feff717000 	C:\Windows\system32\GDI32.dll
0x000007feff140000 - 0x000007feff14e000 	C:\Windows\system32\LPK.dll
0x000007feff720000 - 0x000007feff7ea000 	C:\Windows\system32\USP10.dll
0x000007fefc070000 - 0x000007fefc264000 	C:\Windows\WinSxS\amd64_microsoft.windows.common-controls_6595b64144ccf1df_6.0.7600.16385_none_fa645303170382f6\COMCTL32.dll
0x000007fefe200000 - 0x000007fefe271000 	C:\Windows\system32\SHLWAPI.dll
0x000007feffb30000 - 0x000007feffb5e000 	C:\Windows\system32\IMM32.DLL
0x000007feff4b0000 - 0x000007feff5b9000 	C:\Windows\system32\MSCTF.dll
0x000000006c2e0000 - 0x000000006c3b1000 	C:\Program Files\Java\jre1.8.0_102\bin\msvcr100.dll
0x000000005cb40000 - 0x000000005d3da000 	C:\Program Files\Java\jre1.8.0_102\bin\server\jvm.dll
0x000007fef57e0000 - 0x000007fef57e9000 	C:\Windows\system32\WSOCK32.dll
0x000007fefe280000 - 0x000007fefe2cd000 	C:\Windows\system32\WS2_32.dll
0x000007feff4a0000 - 0x000007feff4a8000 	C:\Windows\system32\NSI.dll
0x000007fefb830000 - 0x000007fefb86b000 	C:\Windows\system32\WINMM.dll
0x000007fefcb00000 - 0x000007fefcb0c000 	C:\Windows\system32\VERSION.dll
0x0000000077bf0000 - 0x0000000077bf7000 	C:\Windows\system32\PSAPI.DLL
0x0000000074d10000 - 0x0000000074d1f000 	C:\Program Files\Java\jre1.8.0_102\bin\verify.dll
0x0000000074ce0000 - 0x0000000074d09000 	C:\Program Files\Java\jre1.8.0_102\bin\java.dll
0x0000000074cc0000 - 0x0000000074cd6000 	C:\Program Files\Java\jre1.8.0_102\bin\zip.dll
0x000007fefe3b0000 - 0x000007feff136000 	C:\Windows\system32\SHELL32.dll
0x000007feff7f0000 - 0x000007feff9f1000 	C:\Windows\system32\ole32.dll
0x000007fefd990000 - 0x000007fefd99f000 	C:\Windows\system32\profapi.dll
0x000000005ff80000 - 0x0000000060118000 	C:\Program Files\Java\jre1.8.0_102\bin\awt.dll
0x000007fefe2d0000 - 0x000007fefe3a7000 	C:\Windows\system32\OLEAUT32.dll
0x000007fefbbe0000 - 0x000007fefbc36000 	C:\Windows\system32\uxtheme.dll
0x000007fefb730000 - 0x000007fefb748000 	C:\Windows\system32\dwmapi.dll
0x000007fefd8c0000 - 0x000007fefd8cf000 	C:\Windows\system32\CRYPTBASE.dll
0x000000006c770000 - 0x000000006c7b7000 	C:\Program Files\Java\jre1.8.0_102\bin\fontmanager.dll
0x000007fefe160000 - 0x000007fefe1f9000 	C:\Windows\system32\CLBCatQ.DLL
0x000007fefb430000 - 0x000007fefb55a000 	C:\Windows\system32\WindowsCodecs.dll
0x000007fefd860000 - 0x000007fefd8b7000 	C:\Windows\system32\apphelp.dll
0x000007feef4f0000 - 0x000007feef72b000 	C:\PROGRA~1\MICROS~3\Office15\GROOVEEX.DLL
0x00000000719a0000 - 0x0000000071a38000 	C:\Windows\system32\MSVCP100.dll
0x00000000715d0000 - 0x00000000715fb000 	C:\Windows\system32\ATL100.DLL
0x000007feedef0000 - 0x000007feee206000 	C:\Windows\system32\msi.dll
0x000007feebd40000 - 0x000007feec383000 	C:\PROGRA~1\MICROS~3\Office15\3082\GrooveIntlResource.dll
0x0000000071a60000 - 0x0000000071b5c000 	C:\Program Files\AVAST Software\Avast\ashShA64.dll
0x000007fefb9c0000 - 0x000007fefbbd5000 	C:\Windows\WinSxS\amd64_microsoft.windows.gdiplus_6595b64144ccf1df_1.1.7600.16385_none_2b4f45e87195fcc4\gdiplus.dll
0x000007fefc030000 - 0x000007fefc041000 	C:\Windows\system32\WTSAPI32.dll
0x000007fefdb50000 - 0x000007fefdcb6000 	C:\Windows\system32\CRYPT32.dll
0x000007fefda30000 - 0x000007fefda3f000 	C:\Windows\system32\MSASN1.dll
0x000007feebd00000 - 0x000007feebd35000 	C:\Windows\system32\EhStorShell.dll
0x000007feffb60000 - 0x000007feffd37000 	C:\Windows\system32\SETUPAPI.dll
0x000007fefdd20000 - 0x000007fefdd56000 	C:\Windows\system32\CFGMGR32.dll
0x000007fefdd00000 - 0x000007fefdd1a000 	C:\Windows\system32\DEVOBJ.dll
0x000007fefc6d0000 - 0x000007fefc7fc000 	C:\Windows\system32\PROPSYS.dll
0x000007feebc80000 - 0x000007feebcfe000 	C:\Windows\System32\cscui.dll
0x000007feefce0000 - 0x000007feefcec000 	C:\Windows\System32\CSCDLL.dll
0x000007feefcf0000 - 0x000007feefcff000 	C:\Windows\system32\CSCAPI.dll
0x000007feebc00000 - 0x000007feebc80000 	C:\Windows\system32\ntshrui.dll
0x000007fefd5d0000 - 0x000007fefd5f3000 	C:\Windows\system32\srvcli.dll
0x000007fefc440000 - 0x000007fefc44b000 	C:\Windows\system32\slc.dll
0x0000000074ca0000 - 0x0000000074cba000 	C:\Program Files\Java\jre1.8.0_102\bin\net.dll
0x000007fefd200000 - 0x000007fefd254000 	C:\Windows\system32\mswsock.dll
0x000007fefd1f0000 - 0x000007fefd1f7000 	C:\Windows\System32\wship6.dll
0x0000000074c80000 - 0x0000000074c91000 	C:\Program Files\Java\jre1.8.0_102\bin\nio.dll
0x00000000740b0000 - 0x00000000740f2000 	C:\Program Files\Java\jre1.8.0_102\bin\t2k.dll
0x000000006c5b0000 - 0x000000006c5da000 	C:\Program Files\Java\jre1.8.0_102\bin\dcpr.dll

VM Arguments:
jvm_args: -Dfile.encoding=Cp1252 
java_command: co.edu.eam.ingesoft.desarrollo.SDIDE.vista.gui.Login
java_class_path (initial): D:\Estudio Sergio\Desarrollo Software\proyectos\ProyectoFinal\SistemaDeInformacionDeEgresados\SistemaDeInformacionDeEgresados-gui\target\classes;C:\Users\XgioserX\.m2\repository\unknown\binary\jcalendar-1.3.3\SNAPSHOT\jcalendar-1.3.3-SNAPSHOT.jar;C:\Users\XgioserX\.m2\repository\org\jdesktop\beansbinding\1.2.1\beansbinding-1.2.1.jar
Launcher Type: SUN_STANDARD

Environment Variables:
JAVA_HOME=C:\Program Files\Java\jdk1.8.0_102
PATH=C:/Program Files/Java/jre1.8.0_102/bin/server;C:/Program Files/Java/jre1.8.0_102/bin;C:/Program Files/Java/jre1.8.0_102/lib/amd64;C:\ProgramData\Oracle\Java\javapath;C:\Windows\system32;C:\Windows;C:\Windows\System32\Wbem;C:\Windows\System32\WindowsPowerShell\v1.0\;C:\Program Files\Intel\WiFi\bin\;C:\Program Files\Common Files\Intel\WirelessCommon\;C:\Program Files (x86)\Skype\Phone\;C:\Program Files\Intel\WiFi\bin\;C:\Program Files\Common Files\Intel\WirelessCommon\;D:\Estudio Sergio\Desarrollo Software\Instaladores\eclipse;
USERNAME=XgioserX
OS=Windows_NT
PROCESSOR_IDENTIFIER=Intel64 Family 6 Model 69 Stepping 1, GenuineIntel



---------------  S Y S T E M  ---------------

OS: Windows 7 , 64 bit Build 7600 (6.1.7600.16385)

CPU:total 4 (2 cores per cpu, 2 threads per core) family 6 model 69 stepping 1, cmov, cx8, fxsr, mmx, sse, sse2, sse3, ssse3, sse4.1, sse4.2, popcnt, aes, clmul, erms, lzcnt, ht, tsc, tscinvbit, bmi1, bmi2

Memory: 4k page, physical 4108956k(435456k free), swap 16433928k(1388k free)

vm_info: Java HotSpot(TM) 64-Bit Server VM (25.102-b14) for windows-amd64 JRE (1.8.0_102-b14), built on Jun 22 2016 13:15:21 by "java_re" with MS VC++ 10.0 (VS2010)

time: Thu Oct 20 15:36:35 2016
elapsed time: 5703 seconds (0d 1h 35m 3s)

